TN:
SF:/Users/olivier/Projects/angular-strap/src/affix/affix.js
FN:5,(anonymous_1)
FN:12,(anonymous_2)
FN:17,AffixFactory
FN:48,(anonymous_4)
FN:66,(anonymous_5)
FN:75,(anonymous_6)
FN:83,(anonymous_7)
FN:138,(anonymous_8)
FN:144,(anonymous_9)
FN:187,getRequiredAffixClass
FN:204,getScrollTop
FN:208,getScrollHeight
FN:223,(anonymous_13)
FN:228,postLink
FN:231,(anonymous_15)
FN:241,(anonymous_16)
FN:252,(anonymous_17)
FN:254,(anonymous_18)
FNF:18
FNH:17
FNDA:6,(anonymous_1)
FNDA:5,(anonymous_2)
FNDA:6,AffixFactory
FNDA:6,(anonymous_4)
FNDA:5,(anonymous_5)
FNDA:6,(anonymous_6)
FNDA:15,(anonymous_7)
FNDA:0,(anonymous_8)
FNDA:6,(anonymous_9)
FNDA:15,getRequiredAffixClass
FNDA:30,getScrollTop
FNDA:15,getScrollHeight
FNDA:6,(anonymous_13)
FNDA:7,postLink
FNDA:35,(anonymous_15)
FNDA:6,(anonymous_16)
FNDA:6,(anonymous_17)
FNDA:7,(anonymous_18)
DA:3,1
DA:7,6
DA:12,6
DA:14,5
DA:15,5
DA:17,1
DA:19,6
DA:22,6
DA:23,6
DA:26,6
DA:35,6
DA:37,6
DA:38,0
DA:39,0
DA:40,0
DA:44,0
DA:48,6
DA:50,6
DA:51,6
DA:52,6
DA:55,6
DA:56,6
DA:57,6
DA:61,6
DA:62,6
DA:66,6
DA:69,5
DA:70,5
DA:71,5
DA:75,6
DA:79,6
DA:83,6
DA:86,15
DA:87,15
DA:88,15
DA:91,15
DA:94,15
DA:95,9
DA:97,9
DA:98,6
DA:99,6
DA:100,5
DA:102,6
DA:103,5
DA:104,5
DA:106,3
DA:107,0
DA:108,0
DA:113,0
DA:115,0
DA:116,0
DA:118,0
DA:119,0
DA:120,0
DA:123,3
DA:124,3
DA:125,3
DA:127,3
DA:128,2
DA:129,2
DA:134,9
DA:138,6
DA:139,0
DA:140,0
DA:142,6
DA:144,6
DA:145,6
DA:147,6
DA:148,5
DA:151,6
DA:152,6
DA:153,6
DA:155,6
DA:156,6
DA:157,6
DA:158,0
DA:161,6
DA:165,0
DA:169,6
DA:170,6
DA:172,0
DA:175,6
DA:180,6
DA:181,5
DA:187,1
DA:189,15
DA:190,15
DA:192,15
DA:193,9
DA:194,6
DA:195,0
DA:196,6
DA:197,0
DA:199,6
DA:204,1
DA:205,30
DA:208,1
DA:209,15
DA:212,6
DA:213,6
DA:217,5
DA:225,6
DA:230,7
DA:231,7
DA:232,35
DA:233,8
DA:234,8
DA:235,8
DA:236,8
DA:240,7
DA:241,7
DA:242,6
DA:243,6
DA:244,6
DA:253,6
DA:255,7
LF:116
LH:97
BRDA:37,1,0,0
BRDA:37,1,1,6
BRDA:38,2,0,0
BRDA:38,2,1,0
BRDA:94,3,0,6
BRDA:94,3,1,9
BRDA:97,4,0,6
BRDA:97,4,1,3
BRDA:99,5,0,5
BRDA:99,5,1,1
BRDA:102,6,0,5
BRDA:102,6,1,1
BRDA:103,7,0,0
BRDA:103,7,1,5
BRDA:106,8,0,0
BRDA:106,8,1,3
BRDA:107,9,0,0
BRDA:107,9,1,0
BRDA:115,10,0,0
BRDA:115,10,1,0
BRDA:118,11,0,0
BRDA:118,11,1,0
BRDA:119,12,0,0
BRDA:119,12,1,0
BRDA:120,13,0,0
BRDA:120,13,1,0
BRDA:124,14,0,3
BRDA:124,14,1,0
BRDA:127,15,0,2
BRDA:127,15,1,1
BRDA:134,16,0,6
BRDA:134,16,1,3
BRDA:147,17,0,5
BRDA:147,17,1,1
BRDA:148,18,0,0
BRDA:148,18,1,5
BRDA:151,19,0,6
BRDA:151,19,1,0
BRDA:152,20,0,6
BRDA:152,20,1,0
BRDA:155,21,0,6
BRDA:155,21,1,0
BRDA:157,22,0,0
BRDA:157,22,1,6
BRDA:169,23,0,6
BRDA:169,23,1,0
BRDA:170,24,0,0
BRDA:170,24,1,6
BRDA:170,25,0,6
BRDA:170,25,1,0
BRDA:180,26,0,5
BRDA:180,26,1,1
BRDA:192,27,0,9
BRDA:192,27,1,6
BRDA:194,28,0,0
BRDA:194,28,1,6
BRDA:194,29,0,6
BRDA:194,29,1,0
BRDA:196,30,0,0
BRDA:196,30,1,6
BRDA:196,31,0,6
BRDA:196,31,1,6
BRDA:205,32,0,0
BRDA:205,32,1,30
BRDA:209,33,0,0
BRDA:209,33,1,15
BRDA:230,34,0,7
BRDA:230,34,1,0
BRDA:232,35,0,8
BRDA:232,35,1,27
BRDA:234,36,0,0
BRDA:234,36,1,8
BRDA:235,37,0,1
BRDA:235,37,1,7
BRDA:242,38,0,6
BRDA:242,38,1,6
BRF:76
BRH:45
end_of_record
TN:
SF:/Users/olivier/Projects/angular-strap/src/alert/alert.js
FN:9,(anonymous_1)
FN:28,(anonymous_2)
FN:30,AlertFactory
FN:48,(anonymous_4)
FN:50,(anonymous_5)
FN:66,(anonymous_6)
FN:73,postLink
FN:77,(anonymous_8)
FN:83,(anonymous_9)
FN:95,(anonymous_10)
FN:96,(anonymous_11)
FN:102,(anonymous_12)
FN:117,(anonymous_13)
FNF:13
FNH:11
FNDA:23,(anonymous_1)
FNDA:23,(anonymous_2)
FNDA:23,AlertFactory
FNDA:0,(anonymous_4)
FNDA:0,(anonymous_5)
FNDA:19,(anonymous_6)
FNDA:19,postLink
FNDA:209,(anonymous_8)
FNDA:76,(anonymous_9)
FNDA:57,(anonymous_10)
FNDA:15,(anonymous_11)
FNDA:13,(anonymous_12)
FNDA:19,(anonymous_13)
DA:7,1
DA:11,23
DA:28,23
DA:30,1
DA:32,23
DA:35,23
DA:37,23
DA:40,23
DA:41,23
DA:42,1
DA:46,23
DA:47,23
DA:48,0
DA:49,0
DA:50,0
DA:51,0
DA:56,23
DA:60,23
DA:68,19
DA:70,19
DA:76,19
DA:77,19
DA:78,209
DA:82,19
DA:83,19
DA:84,76
DA:85,3
DA:90,19
DA:91,19
DA:95,19
DA:96,57
DA:97,15
DA:102,19
DA:103,13
DA:104,13
DA:106,0
DA:111,19
DA:114,19
DA:117,19
DA:118,19
DA:119,19
DA:120,19
LF:42
LH:37
BRDA:41,1,0,1
BRDA:41,1,1,22
BRDA:47,2,0,0
BRDA:47,2,1,23
BRDA:68,3,0,19
BRDA:68,3,1,19
BRDA:78,4,0,10
BRDA:78,4,1,199
BRDA:84,5,0,3
BRDA:84,5,1,73
BRDA:84,6,0,76
BRDA:84,6,1,6
BRDA:90,7,0,19
BRDA:90,7,1,0
BRDA:96,8,0,57
BRDA:96,8,1,15
BRDA:102,9,0,19
BRDA:102,9,1,11
BRDA:103,10,0,13
BRDA:103,10,1,0
BRDA:114,11,0,19
BRDA:114,11,1,19
BRDA:118,12,0,19
BRDA:118,12,1,0
BRF:24
BRH:20
end_of_record
TN:
SF:/Users/olivier/Projects/angular-strap/src/aside/aside.js
FN:5,(anonymous_1)
FN:22,(anonymous_2)
FN:24,AsideFactory
FN:43,(anonymous_4)
FN:50,postLink
FN:53,(anonymous_6)
FN:59,(anonymous_7)
FN:65,(anonymous_8)
FN:66,(anonymous_9)
FN:72,(anonymous_10)
FN:87,(anonymous_11)
FNF:11
FNH:11
FNDA:23,(anonymous_1)
FNDA:23,(anonymous_2)
FNDA:23,AsideFactory
FNDA:22,(anonymous_4)
FNDA:22,postLink
FNDA:242,(anonymous_6)
FNDA:88,(anonymous_7)
FNDA:44,(anonymous_8)
FNDA:16,(anonymous_9)
FNDA:16,(anonymous_10)
FNDA:22,(anonymous_11)
DA:3,1
DA:7,23
DA:22,23
DA:24,1
DA:26,23
DA:29,23
DA:31,23
DA:33,23
DA:37,23
DA:45,22
DA:47,22
DA:52,22
DA:53,22
DA:54,242
DA:58,22
DA:59,22
DA:60,88
DA:61,4
DA:65,22
DA:66,44
DA:67,16
DA:72,22
DA:73,16
DA:74,16
DA:76,0
DA:81,22
DA:84,22
DA:87,22
DA:88,22
DA:89,22
DA:90,22
LF:31
LH:30
BRDA:45,1,0,22
BRDA:45,1,1,22
BRDA:54,2,0,13
BRDA:54,2,1,229
BRDA:60,3,0,4
BRDA:60,3,1,84
BRDA:60,4,0,88
BRDA:60,4,1,8
BRDA:66,5,0,44
BRDA:66,5,1,16
BRDA:72,6,0,22
BRDA:72,6,1,14
BRDA:73,7,0,16
BRDA:73,7,1,0
BRDA:84,8,0,22
BRDA:84,8,1,22
BRDA:88,9,0,22
BRDA:88,9,1,0
BRF:18
BRH:16
end_of_record
TN:
SF:/Users/olivier/Projects/angular-strap/src/button/button.js
FN:5,(anonymous_1)
FN:12,(anonymous_2)
FN:18,(anonymous_3)
FN:23,postLink
FN:27,(anonymous_5)
FN:38,(anonymous_6)
FN:46,postLink
FN:66,(anonymous_8)
FN:71,(anonymous_9)
FN:76,(anonymous_10)
FN:82,(anonymous_11)
FN:85,(anonymous_12)
FN:92,(anonymous_13)
FN:93,(anonymous_14)
FN:110,(anonymous_15)
FN:115,postLink
FN:119,(anonymous_17)
FN:129,(anonymous_18)
FN:137,postLink
FN:146,(anonymous_20)
FN:152,(anonymous_21)
FN:155,(anonymous_22)
FN:162,(anonymous_23)
FN:163,(anonymous_24)
FNF:24
FNH:24
FNDA:32,(anonymous_1)
FNDA:32,(anonymous_2)
FNDA:2,(anonymous_3)
FNDA:2,postLink
FNDA:4,(anonymous_5)
FNDA:16,(anonymous_6)
FNDA:19,postLink
FNDA:6,(anonymous_8)
FNDA:13,(anonymous_9)
FNDA:19,(anonymous_10)
FNDA:51,(anonymous_11)
FNDA:39,(anonymous_12)
FNDA:12,(anonymous_13)
FNDA:12,(anonymous_14)
FNDA:2,(anonymous_15)
FNDA:2,postLink
FNDA:4,(anonymous_17)
FNDA:16,(anonymous_18)
FNDA:32,postLink
FNDA:34,(anonymous_20)
FNDA:105,(anonymous_21)
FNDA:84,(anonymous_22)
FNDA:10,(anonymous_23)
FNDA:10,(anonymous_24)
DA:3,1
DA:7,32
DA:12,32
DA:13,32
DA:20,2
DA:24,2
DA:25,2
DA:26,2
DA:27,2
DA:28,4
DA:29,4
DA:30,4
DA:40,16
DA:41,16
DA:43,16
DA:48,19
DA:51,19
DA:52,19
DA:54,19
DA:55,19
DA:56,5
DA:58,19
DA:59,19
DA:60,5
DA:64,19
DA:65,19
DA:66,8
DA:68,6
DA:71,8
DA:73,13
DA:76,8
DA:77,19
DA:82,19
DA:84,51
DA:85,51
DA:86,39
DA:87,39
DA:92,19
DA:93,12
DA:95,12
DA:96,0
DA:98,12
DA:99,6
DA:112,2
DA:116,2
DA:117,2
DA:118,2
DA:119,2
DA:120,4
DA:121,4
DA:131,16
DA:132,16
DA:134,16
DA:139,32
DA:142,32
DA:143,32
DA:145,32
DA:146,32
DA:147,34
DA:148,34
DA:152,32
DA:154,105
DA:155,105
DA:156,84
DA:157,84
DA:162,32
DA:163,10
DA:165,10
DA:166,10
LF:69
LH:68
BRDA:52,1,0,17
BRDA:52,1,1,2
BRDA:54,2,0,10
BRDA:54,2,1,9
BRDA:55,3,0,5
BRDA:55,3,1,14
BRDA:58,4,0,10
BRDA:58,4,1,9
BRDA:59,5,0,5
BRDA:59,5,1,14
BRDA:64,6,0,19
BRDA:64,6,1,11
BRDA:65,7,0,8
BRDA:65,7,1,11
BRDA:68,8,0,3
BRDA:68,8,1,3
BRDA:86,9,0,31
BRDA:86,9,1,8
BRDA:95,10,0,0
BRDA:95,10,1,12
BRDA:98,11,0,6
BRDA:98,11,1,6
BRDA:143,12,0,24
BRDA:143,12,1,8
BRDA:147,13,0,12
BRDA:147,13,1,22
BRDA:156,14,0,64
BRDA:156,14,1,20
BRF:28
BRH:27
end_of_record
TN:
SF:/Users/olivier/Projects/angular-strap/src/collapse/collapse.js
FN:5,(anonymous_1)
FN:15,(anonymous_2)
FN:20,(anonymous_3)
FN:26,(anonymous_4)
FN:37,(anonymous_5)
FN:40,(anonymous_6)
FN:44,(anonymous_7)
FN:49,(anonymous_8)
FN:63,(anonymous_9)
FN:70,(anonymous_10)
FN:81,(anonymous_11)
FN:86,(anonymous_12)
FN:91,fixActiveItemIndexes
FN:108,isActive
FN:113,deactivateItem
FN:120,activateItem
FN:133,(anonymous_17)
FN:142,(anonymous_18)
FN:149,postLink
FN:157,(anonymous_20)
FN:162,(anonymous_21)
FN:193,(anonymous_22)
FN:197,postLink
FN:209,(anonymous_24)
FN:213,(anonymous_25)
FN:224,(anonymous_26)
FN:229,postLink
FN:246,(anonymous_28)
FN:250,render
FN:266,(anonymous_30)
FNF:30
FNH:30
FNDA:20,(anonymous_1)
FNDA:20,(anonymous_2)
FNDA:100,(anonymous_3)
FNDA:60,(anonymous_4)
FNDA:48,(anonymous_5)
FNDA:48,(anonymous_6)
FNDA:48,(anonymous_7)
FNDA:48,(anonymous_8)
FNDA:144,(anonymous_9)
FNDA:27,(anonymous_10)
FNDA:73,(anonymous_11)
FNDA:270,(anonymous_12)
FNDA:48,fixActiveItemIndexes
FNDA:22,isActive
FNDA:19,deactivateItem
FNDA:17,activateItem
FNDA:20,(anonymous_17)
FNDA:20,(anonymous_18)
FNDA:20,postLink
FNDA:32,(anonymous_20)
FNDA:9,(anonymous_21)
FNDA:20,(anonymous_22)
FNDA:48,postLink
FNDA:48,(anonymous_24)
FNDA:19,(anonymous_25)
FNDA:20,(anonymous_26)
FNDA:48,postLink
FNDA:48,(anonymous_28)
FNDA:233,render
FNDA:185,(anonymous_30)
DA:3,1
DA:7,20
DA:15,20
DA:16,20
DA:19,20
DA:20,20
DA:21,100
DA:25,20
DA:26,20
DA:27,60
DA:28,3
DA:32,20
DA:33,20
DA:35,20
DA:37,20
DA:38,48
DA:40,20
DA:41,48
DA:44,20
DA:45,48
DA:47,48
DA:49,20
DA:50,48
DA:53,48
DA:55,48
DA:57,13
DA:61,48
DA:63,48
DA:64,144
DA:69,20
DA:70,20
DA:71,27
DA:72,4
DA:74,23
DA:76,22
DA:78,1
DA:81,27
DA:82,73
DA:86,20
DA:87,270
DA:91,1
DA:94,48
DA:95,48
DA:96,51
DA:97,13
DA:102,51
DA:103,21
DA:108,1
DA:109,22
DA:110,22
DA:113,1
DA:114,19
DA:115,19
DA:116,6
DA:120,1
DA:121,17
DA:123,14
DA:126,17
DA:127,17
DA:133,20
DA:134,20
DA:135,20
DA:136,20
DA:137,20
DA:144,20
DA:146,20
DA:151,20
DA:152,20
DA:154,20
DA:157,7
DA:158,32
DA:162,7
DA:164,9
DA:167,4
DA:170,5
DA:172,5
DA:174,0
DA:176,0
DA:179,5
DA:180,4
DA:183,9
DA:195,20
DA:199,48
DA:200,48
DA:203,48
DA:206,48
DA:209,48
DA:210,48
DA:213,48
DA:214,19
DA:215,19
DA:216,19
DA:226,20
DA:231,48
DA:232,48
DA:235,48
DA:238,48
DA:239,48
DA:243,48
DA:246,48
DA:247,48
DA:250,1
DA:251,233
DA:252,233
DA:253,233
DA:254,233
DA:255,69
DA:256,41
DA:259,164
DA:260,84
DA:263,233
DA:266,48
DA:267,185
DA:269,48
LF:114
LH:112
BRDA:21,1,0,13
BRDA:21,1,1,87
BRDA:27,2,0,3
BRDA:27,2,1,57
BRDA:27,3,0,60
BRDA:27,3,1,10
BRDA:55,4,0,13
BRDA:55,4,1,35
BRDA:69,5,0,19
BRDA:69,5,1,1
BRDA:71,6,0,4
BRDA:71,6,1,23
BRDA:74,7,0,22
BRDA:74,7,1,1
BRDA:76,8,0,6
BRDA:76,8,1,16
BRDA:87,9,0,83
BRDA:87,9,1,187
BRDA:88,10,0,159
BRDA:88,10,1,28
BRDA:96,11,0,13
BRDA:96,11,1,38
BRDA:102,12,0,21
BRDA:102,12,1,30
BRDA:110,13,0,16
BRDA:110,13,1,6
BRDA:115,14,0,6
BRDA:115,14,1,13
BRDA:121,15,0,14
BRDA:121,15,1,3
BRDA:126,16,0,17
BRDA:126,16,1,0
BRDA:154,17,0,7
BRDA:154,17,1,13
BRDA:164,18,0,4
BRDA:164,18,1,5
BRDA:172,19,0,0
BRDA:172,19,1,5
BRDA:174,20,0,0
BRDA:174,20,1,0
BRDA:179,21,0,4
BRDA:179,21,1,1
BRDA:214,22,0,0
BRDA:214,22,1,19
BRDA:214,23,0,19
BRDA:214,23,1,2
BRDA:238,24,0,48
BRDA:238,24,1,0
BRDA:254,25,0,69
BRDA:254,25,1,164
BRDA:255,26,0,41
BRDA:255,26,1,28
BRDA:259,27,0,84
BRDA:259,27,1,80
BRF:54
BRH:48
end_of_record
TN:
SF:/Users/olivier/Projects/angular-strap/src/datepicker/datepicker.js
FN:8,(anonymous_1)
FN:45,(anonymous_2)
FN:51,DatepickerFactory
FN:71,(anonymous_4)
FN:74,(anonymous_5)
FN:77,(anonymous_6)
FN:83,(anonymous_7)
FN:93,(anonymous_8)
FN:100,(anonymous_9)
FN:107,(anonymous_10)
FN:116,(anonymous_11)
FN:125,(anonymous_12)
FN:132,(anonymous_13)
FN:138,(anonymous_14)
FN:142,(anonymous_15)
FN:146,(anonymous_16)
FN:156,(anonymous_17)
FN:170,(anonymous_18)
FN:179,(anonymous_19)
FN:191,updateSelected
FN:195,focusElement
FN:202,(anonymous_22)
FN:216,(anonymous_23)
FN:224,(anonymous_24)
FN:229,(anonymous_25)
FN:240,(anonymous_26)
FN:260,(anonymous_27)
FN:268,postLink
FN:272,(anonymous_29)
FN:278,(anonymous_30)
FN:292,(anonymous_31)
FN:299,(anonymous_32)
FN:306,(anonymous_33)
FN:308,(anonymous_34)
FN:318,(anonymous_35)
FN:323,(anonymous_36)
FN:329,normalizeDateRanges
FN:335,(anonymous_38)
FN:345,validateAgainstMinMaxDate
FN:358,(anonymous_40)
FN:396,(anonymous_41)
FN:420,(anonymous_42)
FN:425,getDateFormattedString
FN:430,(anonymous_44)
FN:441,(anonymous_45)
FN:449,split
FN:458,mod
FN:462,(anonymous_48)
FN:464,(anonymous_49)
FN:470,(anonymous_50)
FN:486,(anonymous_51)
FN:499,(anonymous_52)
FN:516,(anonymous_53)
FN:519,(anonymous_54)
FN:539,(anonymous_55)
FN:558,(anonymous_56)
FN:567,(anonymous_57)
FN:579,(anonymous_58)
FN:582,(anonymous_59)
FN:586,(anonymous_60)
FN:605,(anonymous_61)
FN:614,(anonymous_62)
FN:626,(anonymous_63)
FN:629,(anonymous_64)
FN:633,(anonymous_65)
FNF:65
FNH:60
FNDA:112,(anonymous_1)
FNDA:112,(anonymous_2)
FNDA:111,DatepickerFactory
FNDA:23,(anonymous_4)
FNDA:33,(anonymous_5)
FNDA:9,(anonymous_6)
FNDA:145,(anonymous_7)
FNDA:5,(anonymous_8)
FNDA:23,(anonymous_9)
FNDA:1,(anonymous_10)
FNDA:9,(anonymous_11)
FNDA:321,(anonymous_12)
FNDA:17,(anonymous_13)
FNDA:822,(anonymous_14)
FNDA:210,(anonymous_15)
FNDA:33,(anonymous_16)
FNDA:0,(anonymous_17)
FNDA:1,(anonymous_18)
FNDA:0,(anonymous_19)
FNDA:714,updateSelected
FNDA:0,focusElement
FNDA:111,(anonymous_22)
FNDA:108,(anonymous_23)
FNDA:124,(anonymous_24)
FNDA:29,(anonymous_25)
FNDA:35,(anonymous_26)
FNDA:106,(anonymous_27)
FNDA:108,postLink
FNDA:3132,(anonymous_29)
FNDA:432,(anonymous_30)
FNDA:235,(anonymous_31)
FNDA:11,(anonymous_32)
FNDA:216,(anonymous_33)
FNDA:22,(anonymous_34)
FNDA:15,(anonymous_35)
FNDA:145,(anonymous_36)
FNDA:12,normalizeDateRanges
FNDA:6,(anonymous_38)
FNDA:49,validateAgainstMinMaxDate
FNDA:34,(anonymous_40)
FNDA:112,(anonymous_41)
FNDA:135,(anonymous_42)
FNDA:247,getDateFormattedString
FNDA:108,(anonymous_44)
FNDA:112,(anonymous_45)
FNDA:170,split
FNDA:161,mod
FNDA:112,(anonymous_48)
FNDA:114,(anonymous_49)
FNDA:7037,(anonymous_50)
FNDA:135,(anonymous_51)
FNDA:161,(anonymous_52)
FNDA:7140,(anonymous_53)
FNDA:6976,(anonymous_54)
FNDA:5,(anonymous_55)
FNDA:0,(anonymous_56)
FNDA:6,(anonymous_57)
FNDA:72,(anonymous_58)
FNDA:76,(anonymous_59)
FNDA:5,(anonymous_60)
FNDA:0,(anonymous_61)
FNDA:3,(anonymous_62)
FNDA:36,(anonymous_63)
FNDA:40,(anonymous_64)
FNDA:5,(anonymous_65)
DA:3,1
DA:10,112
DA:45,112
DA:47,112
DA:48,112
DA:49,112
DA:51,1
DA:53,111
DA:54,111
DA:55,111
DA:56,111
DA:57,111
DA:61,111
DA:62,111
DA:63,111
DA:64,111
DA:65,111
DA:66,111
DA:67,111
DA:71,111
DA:72,23
DA:74,111
DA:75,33
DA:77,111
DA:78,9
DA:83,111
DA:85,145
DA:86,135
DA:87,135
DA:90,145
DA:93,111
DA:94,5
DA:95,5
DA:96,30
DA:100,111
DA:102,23
DA:103,23
DA:104,23
DA:105,23
DA:106,23
DA:107,1
DA:110,0
DA:111,0
DA:112,0
DA:116,111
DA:118,9
DA:119,9
DA:120,9
DA:125,111
DA:127,321
DA:128,184
DA:129,170
DA:132,111
DA:133,17
DA:134,102
DA:138,111
DA:139,822
DA:142,111
DA:143,210
DA:146,111
DA:147,33
DA:151,33
DA:152,33
DA:153,33
DA:156,111
DA:158,0
DA:159,0
DA:161,0
DA:162,0
DA:163,0
DA:164,0
DA:166,0
DA:170,111
DA:171,1
DA:172,1
DA:173,1
DA:175,1
DA:176,1
DA:177,1
DA:179,0
DA:181,1
DA:185,0
DA:186,0
DA:191,1
DA:192,714
DA:195,1
DA:196,0
DA:201,111
DA:202,111
DA:203,111
DA:204,0
DA:205,0
DA:206,0
DA:207,111
DA:208,0
DA:209,0
DA:210,0
DA:212,111
DA:215,111
DA:216,111
DA:217,108
DA:218,0
DA:220,108
DA:223,111
DA:224,111
DA:225,124
DA:226,124
DA:229,124
DA:231,29
DA:232,27
DA:233,27
DA:234,27
DA:239,111
DA:240,111
DA:241,35
DA:242,32
DA:243,32
DA:244,32
DA:246,32
DA:249,111
DA:253,112
DA:254,112
DA:262,106
DA:263,106
DA:265,106
DA:271,108
DA:272,108
DA:273,3132
DA:277,108
DA:278,108
DA:279,432
DA:280,2
DA:285,108
DA:286,108
DA:288,108
DA:290,108
DA:292,108
DA:293,235
DA:296,108
DA:299,108
DA:300,11
DA:301,10
DA:302,10
DA:306,108
DA:308,216
DA:310,22
DA:312,22
DA:313,22
DA:318,108
DA:319,15
DA:323,108
DA:324,145
DA:329,1
DA:330,12
DA:331,10
DA:334,108
DA:335,6
DA:336,6
DA:337,6
DA:339,6
DA:340,5
DA:345,1
DA:346,49
DA:347,47
DA:348,47
DA:349,47
DA:350,47
DA:351,47
DA:352,47
DA:354,47
DA:358,108
DA:360,34
DA:362,34
DA:363,3
DA:367,3
DA:369,31
DA:370,31
DA:371,4
DA:374,4
DA:376,27
DA:379,27
DA:380,6
DA:381,6
DA:383,21
DA:384,21
DA:385,1
DA:386,20
DA:387,1
DA:388,19
DA:389,1
DA:391,18
DA:396,108
DA:398,112
DA:399,112
DA:400,9
DA:401,103
DA:402,96
DA:403,7
DA:404,4
DA:405,3
DA:406,1
DA:408,2
DA:415,112
DA:416,112
DA:420,108
DA:422,135
DA:425,1
DA:426,247
DA:430,108
DA:431,108
DA:432,108
DA:433,108
DA:443,112
DA:449,1
DA:450,170
DA:451,170
DA:452,993
DA:454,170
DA:458,1
DA:459,161
DA:462,112
DA:464,112
DA:466,114
DA:467,114
DA:469,114
DA:470,114
DA:471,7037
DA:473,114
DA:475,114
DA:476,114
DA:477,114
DA:479,114
DA:480,114
DA:482,114
DA:487,135
DA:488,112
DA:489,112
DA:490,23
DA:495,17
DA:496,17
DA:500,161
DA:501,161
DA:502,161
DA:504,161
DA:505,161
DA:506,161
DA:507,6762
DA:508,6762
DA:510,161
DA:511,161
DA:512,161
DA:513,161
DA:514,161
DA:517,7140
DA:520,6976
DA:523,6976
DA:526,6556
DA:529,6520
DA:530,167
DA:531,248
DA:532,13
DA:537,6507
DA:540,5
DA:541,1
DA:543,4
DA:544,4
DA:546,4
DA:547,3
DA:548,2
DA:549,1
DA:551,4
DA:559,0
DA:560,0
DA:561,0
DA:562,0
DA:563,0
DA:564,0
DA:568,6
DA:569,6
DA:570,6
DA:571,72
DA:572,72
DA:574,6
DA:575,6
DA:576,6
DA:577,6
DA:580,72
DA:583,76
DA:584,76
DA:587,5
DA:588,1
DA:590,4
DA:591,4
DA:593,4
DA:594,3
DA:595,2
DA:596,1
DA:598,4
DA:606,0
DA:607,0
DA:608,0
DA:609,0
DA:610,0
DA:611,0
DA:615,3
DA:616,3
DA:617,3
DA:618,36
DA:619,36
DA:621,3
DA:622,3
DA:623,3
DA:624,3
DA:627,36
DA:630,40
DA:631,40
DA:634,5
DA:635,1
DA:637,4
DA:640,4
DA:641,3
DA:642,2
DA:643,1
DA:645,4
DA:649,114
LF:325
LH:292
BRDA:48,1,0,112
BRDA:48,1,1,112
BRDA:49,2,0,112
BRDA:49,2,1,0
BRDA:57,3,0,0
BRDA:57,3,1,111
BRDA:85,4,0,135
BRDA:85,4,1,10
BRDA:85,5,0,145
BRDA:85,5,1,135
BRDA:102,6,0,0
BRDA:102,6,1,23
BRDA:103,7,0,23
BRDA:103,7,1,0
BRDA:103,8,0,23
BRDA:103,8,1,0
BRDA:106,9,0,1
BRDA:106,9,1,22
BRDA:106,10,0,23
BRDA:106,10,1,1
BRDA:127,11,0,137
BRDA:127,11,1,184
BRDA:127,12,0,321
BRDA:127,12,1,145
BRDA:128,13,0,14
BRDA:128,13,1,170
BRDA:128,14,0,184
BRDA:128,14,1,22
BRDA:151,15,0,33
BRDA:151,15,1,33
BRDA:151,16,0,33
BRDA:151,16,1,0
BRDA:161,17,0,0
BRDA:161,17,1,0
BRDA:163,18,0,0
BRDA:163,18,1,0
BRDA:171,19,0,0
BRDA:171,19,1,1
BRDA:171,20,0,1
BRDA:171,20,1,1
BRDA:171,20,2,1
BRDA:175,21,0,1
BRDA:175,21,1,0
BRDA:176,22,0,1
BRDA:176,22,1,0
BRDA:203,23,0,0
BRDA:203,23,1,111
BRDA:203,24,0,111
BRDA:203,24,1,0
BRDA:207,25,0,0
BRDA:207,25,1,111
BRDA:217,26,0,0
BRDA:217,26,1,108
BRDA:217,27,0,108
BRDA:217,27,1,0
BRDA:225,28,0,0
BRDA:225,28,1,124
BRDA:225,29,0,124
BRDA:225,29,1,124
BRDA:225,29,2,124
BRDA:231,30,0,2
BRDA:231,30,1,27
BRDA:232,31,0,0
BRDA:232,31,1,27
BRDA:233,32,0,27
BRDA:233,32,1,0
BRDA:241,33,0,3
BRDA:241,33,1,32
BRDA:242,34,0,0
BRDA:242,34,1,32
BRDA:243,35,0,32
BRDA:243,35,1,0
BRDA:273,36,0,53
BRDA:273,36,1,3079
BRDA:279,37,0,2
BRDA:279,37,1,430
BRDA:279,38,0,432
BRDA:279,38,1,5
BRDA:288,39,0,0
BRDA:288,39,1,108
BRDA:288,40,0,108
BRDA:288,40,1,0
BRDA:299,41,0,108
BRDA:299,41,1,6
BRDA:300,42,0,1
BRDA:300,42,1,10
BRDA:300,43,0,11
BRDA:300,43,1,11
BRDA:301,44,0,4
BRDA:301,44,1,6
BRDA:302,45,0,5
BRDA:302,45,1,5
BRDA:308,46,0,216
BRDA:308,46,1,14
BRDA:312,47,0,22
BRDA:312,47,1,22
BRDA:318,48,0,108
BRDA:318,48,1,15
BRDA:330,49,0,2
BRDA:330,49,1,10
BRDA:330,50,0,12
BRDA:330,50,1,12
BRDA:334,51,0,6
BRDA:334,51,1,102
BRDA:339,52,0,5
BRDA:339,52,1,1
BRDA:346,53,0,2
BRDA:346,53,1,47
BRDA:347,54,0,47
BRDA:347,54,1,47
BRDA:348,55,0,47
BRDA:348,55,1,47
BRDA:349,56,0,47
BRDA:349,56,1,46
BRDA:354,57,0,43
BRDA:354,57,1,4
BRDA:362,58,0,3
BRDA:362,58,1,31
BRDA:370,59,0,4
BRDA:370,59,1,27
BRDA:370,60,0,31
BRDA:370,60,1,27
BRDA:379,61,0,6
BRDA:379,61,1,21
BRDA:381,62,0,6
BRDA:381,62,1,2
BRDA:384,63,0,1
BRDA:384,63,1,20
BRDA:386,64,0,1
BRDA:386,64,1,19
BRDA:388,65,0,1
BRDA:388,65,1,18
BRDA:399,66,0,9
BRDA:399,66,1,103
BRDA:399,67,0,112
BRDA:399,67,1,105
BRDA:401,68,0,96
BRDA:401,68,1,7
BRDA:403,69,0,4
BRDA:403,69,1,3
BRDA:405,70,0,1
BRDA:405,70,1,2
BRDA:426,71,0,18
BRDA:426,71,1,229
BRDA:426,72,0,247
BRDA:426,72,1,229
BRDA:431,73,0,108
BRDA:431,73,1,0
BRDA:479,74,0,114
BRDA:479,74,1,114
BRDA:479,75,0,2
BRDA:479,75,1,112
BRDA:487,76,0,112
BRDA:487,76,1,23
BRDA:487,77,0,135
BRDA:487,77,1,35
BRDA:487,77,2,35
BRDA:487,77,3,28
BRDA:490,78,0,17
BRDA:490,78,1,6
BRDA:490,79,0,23
BRDA:490,79,1,7
BRDA:504,80,0,11
BRDA:504,80,1,150
BRDA:508,81,0,6762
BRDA:508,81,1,6426
BRDA:517,82,0,7140
BRDA:517,82,1,7140
BRDA:517,82,2,6623
BRDA:517,82,3,4142
BRDA:523,83,0,420
BRDA:523,83,1,6556
BRDA:523,84,0,6976
BRDA:523,84,1,6709
BRDA:526,85,0,36
BRDA:526,85,1,6520
BRDA:529,86,0,167
BRDA:529,86,1,6353
BRDA:531,87,0,13
BRDA:531,87,1,235
BRDA:531,88,0,248
BRDA:531,88,1,112
BRDA:540,89,0,1
BRDA:540,89,1,4
BRDA:546,90,0,1
BRDA:546,90,1,3
BRDA:547,91,0,1
BRDA:547,91,1,2
BRDA:548,92,0,1
BRDA:548,92,1,1
BRDA:549,93,0,1
BRDA:549,93,1,0
BRDA:551,94,0,4
BRDA:551,94,1,0
BRDA:559,95,0,0
BRDA:559,95,1,0
BRDA:559,96,0,0
BRDA:559,96,1,0
BRDA:562,97,0,0
BRDA:562,97,1,0
BRDA:580,98,0,72
BRDA:580,98,1,72
BRDA:580,98,2,72
BRDA:584,99,0,76
BRDA:584,99,1,76
BRDA:587,100,0,1
BRDA:587,100,1,4
BRDA:593,101,0,1
BRDA:593,101,1,3
BRDA:594,102,0,1
BRDA:594,102,1,2
BRDA:595,103,0,1
BRDA:595,103,1,1
BRDA:596,104,0,1
BRDA:596,104,1,0
BRDA:598,105,0,4
BRDA:598,105,1,0
BRDA:606,106,0,0
BRDA:606,106,1,0
BRDA:606,107,0,0
BRDA:606,107,1,0
BRDA:606,107,2,0
BRDA:609,108,0,0
BRDA:609,108,1,0
BRDA:627,109,0,36
BRDA:627,109,1,36
BRDA:631,110,0,40
BRDA:631,110,1,40
BRDA:634,111,0,1
BRDA:634,111,1,4
BRDA:640,112,0,1
BRDA:640,112,1,3
BRDA:641,113,0,1
BRDA:641,113,1,2
BRDA:642,114,0,1
BRDA:642,114,1,1
BRDA:643,115,0,1
BRDA:643,115,1,0
BRDA:645,116,0,4
BRDA:645,116,1,0
BRDA:650,117,0,0
BRDA:650,117,1,114
BRF:242
BRH:196
end_of_record
TN:
SF:/Users/olivier/Projects/angular-strap/src/dropdown/dropdown.js
FN:5,(anonymous_1)
FN:20,(anonymous_2)
FN:25,DropdownFactory
FN:38,(anonymous_4)
FN:47,(anonymous_5)
FN:62,(anonymous_6)
FN:67,(anonymous_7)
FN:75,(anonymous_8)
FN:84,(anonymous_9)
FN:91,onBodyClick
FN:106,(anonymous_11)
FN:111,postLink
FN:115,(anonymous_13)
FN:121,(anonymous_14)
FN:127,(anonymous_15)
FN:132,(anonymous_16)
FN:142,(anonymous_17)
FNF:17
FNH:14
FNDA:31,(anonymous_1)
FNDA:31,(anonymous_2)
FNDA:33,DropdownFactory
FNDA:0,(anonymous_4)
FNDA:0,(anonymous_5)
FNDA:49,(anonymous_6)
FNDA:22,(anonymous_7)
FNDA:31,(anonymous_8)
FNDA:31,(anonymous_9)
FNDA:0,onBodyClick
FNDA:29,(anonymous_11)
FNDA:31,postLink
FNDA:372,(anonymous_13)
FNDA:62,(anonymous_14)
FNDA:31,(anonymous_15)
FNDA:11,(anonymous_16)
FNDA:31,(anonymous_17)
DA:3,1
DA:7,31
DA:20,31
DA:22,31
DA:23,31
DA:25,1
DA:27,33
DA:30,33
DA:31,33
DA:33,33
DA:34,33
DA:38,33
DA:39,0
DA:40,0
DA:41,0
DA:44,0
DA:45,0
DA:46,0
DA:47,0
DA:48,0
DA:52,0
DA:53,0
DA:54,0
DA:55,0
DA:61,33
DA:62,33
DA:63,49
DA:64,48
DA:67,48
DA:68,22
DA:69,22
DA:71,48
DA:74,33
DA:75,33
DA:76,31
DA:77,28
DA:78,28
DA:79,28
DA:80,28
DA:83,33
DA:84,33
DA:85,31
DA:86,31
DA:91,1
DA:92,0
DA:93,0
DA:96,33
DA:100,31
DA:108,29
DA:114,31
DA:115,31
DA:116,372
DA:120,31
DA:121,31
DA:122,62
DA:123,2
DA:127,31
DA:128,31
DA:132,31
DA:133,11
DA:134,10
DA:135,10
DA:139,31
DA:142,31
DA:143,31
DA:144,31
DA:145,31
LF:67
LH:53
BRDA:23,1,0,31
BRDA:23,1,1,31
BRDA:23,1,2,0
BRDA:23,1,3,0
BRDA:23,1,4,0
BRDA:31,2,0,33
BRDA:31,2,1,31
BRDA:31,2,2,2
BRDA:39,3,0,0
BRDA:39,3,1,0
BRDA:45,4,0,0
BRDA:45,4,1,0
BRDA:48,5,0,0
BRDA:48,5,1,0
BRDA:48,6,0,0
BRDA:48,6,1,0
BRDA:52,7,0,0
BRDA:52,7,1,0
BRDA:52,8,0,0
BRDA:52,8,1,0
BRDA:53,9,0,0
BRDA:53,9,1,0
BRDA:53,10,0,0
BRDA:53,10,1,0
BRDA:54,11,0,0
BRDA:54,11,1,0
BRDA:63,12,0,1
BRDA:63,12,1,48
BRDA:68,13,0,22
BRDA:68,13,1,22
BRDA:68,13,2,22
BRDA:71,14,0,48
BRDA:71,14,1,1
BRDA:76,15,0,3
BRDA:76,15,1,28
BRDA:77,16,0,28
BRDA:77,16,1,28
BRDA:77,16,2,28
BRDA:79,17,0,28
BRDA:79,17,1,1
BRDA:92,18,0,0
BRDA:92,18,1,0
BRDA:93,19,0,0
BRDA:93,19,1,0
BRDA:116,20,0,12
BRDA:116,20,1,360
BRDA:122,21,0,2
BRDA:122,21,1,60
BRDA:122,22,0,62
BRDA:122,22,1,4
BRDA:127,23,0,31
BRDA:127,23,1,31
BRDA:132,24,0,31
BRDA:132,24,1,6
BRDA:133,25,0,1
BRDA:133,25,1,10
BRDA:133,26,0,11
BRDA:133,26,1,11
BRDA:134,27,0,4
BRDA:134,27,1,6
BRDA:135,28,0,5
BRDA:135,28,1,5
BRDA:143,29,0,31
BRDA:143,29,1,0
BRF:64
BRH:38
end_of_record
TN:
SF:/Users/olivier/Projects/angular-strap/src/helpers/compiler.js
FN:9,bsCompilerService
FN:71,(anonymous_2)
FN:91,(anonymous_3)
FN:111,(anonymous_4)
FN:121,(anonymous_5)
FN:135,link
FN:162,findElement
FN:167,fetchTemplate
FN:170,(anonymous_9)
FNF:9
FNH:8
FNDA:560,bsCompilerService
FNDA:1075,(anonymous_2)
FNDA:0,(anonymous_3)
FNDA:2,(anonymous_4)
FNDA:1067,(anonymous_5)
FNDA:1129,link
FNDA:2,findElement
FNDA:1077,fetchTemplate
FNDA:551,(anonymous_9)
DA:6,1
DA:9,1
DA:71,560
DA:73,1075
DA:74,0
DA:75,0
DA:76,0
DA:79,1075
DA:80,1075
DA:81,1075
DA:82,1075
DA:83,1075
DA:84,1075
DA:85,1075
DA:86,1075
DA:91,1075
DA:92,0
DA:93,0
DA:95,0
DA:100,1075
DA:102,1075
DA:103,1075
DA:105,0
DA:108,1075
DA:110,2
DA:112,2
DA:113,2
DA:115,2
DA:116,2
DA:121,1075
DA:123,1067
DA:124,1067
DA:125,12
DA:128,1067
DA:129,1067
DA:132,1067
DA:136,1129
DA:139,1129
DA:140,1
DA:141,1
DA:142,0
DA:145,1
DA:147,1
DA:148,1
DA:150,1
DA:151,0
DA:155,1129
DA:162,1
DA:163,2
DA:166,560
DA:167,1
DA:168,1077
DA:169,559
DA:171,551
LF:54
LH:45
BRDA:73,1,0,0
BRDA:73,1,1,1075
BRDA:73,2,0,1075
BRDA:73,2,1,0
BRDA:80,3,0,1075
BRDA:80,3,1,1075
BRDA:83,4,0,1075
BRDA:83,4,1,1075
BRDA:84,5,0,1075
BRDA:84,5,1,1075
BRDA:85,6,0,1075
BRDA:85,6,1,1075
BRDA:92,7,0,0
BRDA:92,7,1,0
BRDA:102,8,0,1075
BRDA:102,8,1,0
BRDA:108,9,0,2
BRDA:108,9,1,1073
BRDA:115,10,0,0
BRDA:115,10,1,2
BRDA:124,11,0,12
BRDA:124,11,1,1055
BRDA:139,12,0,1
BRDA:139,12,1,1128
BRDA:141,13,0,0
BRDA:141,13,1,1
BRDA:145,14,0,0
BRDA:145,14,1,1
BRDA:150,15,0,0
BRDA:150,15,1,1
BRDA:163,16,0,2
BRDA:163,16,1,0
BRDA:168,17,0,518
BRDA:168,17,1,559
BRF:34
BRH:24
end_of_record
TN:
SF:/Users/olivier/Projects/angular-strap/src/helpers/date-formatter.js
FN:5,(anonymous_1)
FN:12,(anonymous_2)
FN:18,(anonymous_3)
FN:22,(anonymous_4)
FN:26,splitTimeFormat
FN:31,(anonymous_6)
FN:36,(anonymous_7)
FN:41,(anonymous_8)
FN:46,(anonymous_9)
FN:51,(anonymous_10)
FN:56,(anonymous_11)
FN:60,(anonymous_12)
FNF:12
FNH:12
FNDA:214,(anonymous_1)
FNDA:211,(anonymous_2)
FNDA:98,(anonymous_3)
FNDA:114,(anonymous_4)
FNDA:600,splitTimeFormat
FNDA:101,(anonymous_6)
FNDA:101,(anonymous_7)
FNDA:98,(anonymous_8)
FNDA:101,(anonymous_9)
FNDA:98,(anonymous_10)
FNDA:101,(anonymous_11)
FNDA:9947,(anonymous_12)
DA:3,1
DA:12,214
DA:13,211
DA:18,214
DA:19,98
DA:22,214
DA:23,114
DA:26,1
DA:27,600
DA:31,214
DA:32,101
DA:36,214
DA:37,101
DA:41,214
DA:42,98
DA:46,214
DA:47,101
DA:51,214
DA:52,98
DA:56,214
DA:57,101
DA:60,214
DA:61,9947
LF:23
LH:23
BRDA:19,1,0,98
BRDA:19,1,1,25
BRF:2
BRH:2
end_of_record
TN:
SF:/Users/olivier/Projects/angular-strap/src/helpers/date-parser.js
FN:5,(anonymous_1)
FN:9,ParseDate
FN:19,(anonymous_3)
FN:20,(anonymous_4)
FN:21,(anonymous_5)
FN:22,(anonymous_6)
FN:23,(anonymous_7)
FN:24,(anonymous_8)
FN:25,(anonymous_9)
FN:26,(anonymous_10)
FN:27,(anonymous_11)
FN:38,(anonymous_12)
FN:44,noop
FN:47,isNumeric
FN:51,indexOfCaseInsensitive
FN:64,(anonymous_16)
FN:66,(anonymous_17)
FN:110,(anonymous_18)
FN:111,(anonymous_19)
FN:112,(anonymous_20)
FN:113,(anonymous_21)
FN:114,(anonymous_22)
FN:116,(anonymous_23)
FN:117,(anonymous_24)
FN:122,(anonymous_25)
FN:128,(anonymous_26)
FN:133,(anonymous_27)
FN:157,(anonymous_28)
FN:176,(anonymous_29)
FN:203,(anonymous_30)
FN:217,(anonymous_31)
FN:231,setMapForFormat
FN:246,(anonymous_33)
FN:254,escapeReservedSymbols
FN:258,regExpForFormat
FNF:35
FNH:34
FNDA:350,(anonymous_1)
FNDA:88,ParseDate
FNDA:0,(anonymous_3)
FNDA:1,(anonymous_4)
FNDA:28,(anonymous_5)
FNDA:53,(anonymous_6)
FNDA:25,(anonymous_7)
FNDA:54,(anonymous_8)
FNDA:60,(anonymous_9)
FNDA:54,(anonymous_10)
FNDA:88,(anonymous_11)
FNDA:88,(anonymous_12)
FNDA:1,noop
FNDA:28,isNumeric
FNDA:9,indexOfCaseInsensitive
FNDA:347,(anonymous_16)
FNDA:459,(anonymous_17)
FNDA:25,(anonymous_18)
FNDA:5,(anonymous_19)
FNDA:4,(anonymous_20)
FNDA:30,(anonymous_21)
FNDA:21,(anonymous_22)
FNDA:13,(anonymous_23)
FNDA:9,(anonymous_24)
FNDA:459,(anonymous_25)
FNDA:104,(anonymous_26)
FNDA:104,(anonymous_27)
FNDA:24,(anonymous_28)
FNDA:27,(anonymous_29)
FNDA:6762,(anonymous_30)
FNDA:444,(anonymous_31)
FNDA:462,setMapForFormat
FNDA:1150,(anonymous_33)
FNDA:462,escapeReservedSymbols
FNDA:462,regExpForFormat
DA:3,1
DA:9,1
DA:10,88
DA:11,88
DA:12,88
DA:13,88
DA:14,88
DA:15,88
DA:16,88
DA:19,350
DA:20,350
DA:21,350
DA:22,350
DA:23,350
DA:24,350
DA:25,350
DA:26,350
DA:27,350
DA:28,88
DA:29,88
DA:30,88
DA:31,88
DA:32,88
DA:33,88
DA:34,88
DA:35,88
DA:38,350
DA:39,88
DA:42,350
DA:44,1
DA:47,1
DA:48,28
DA:51,1
DA:52,9
DA:53,9
DA:54,28
DA:56,0
DA:59,350
DA:64,350
DA:66,347
DA:68,459
DA:70,459
DA:72,459
DA:96,459
DA:110,25
DA:111,5
DA:112,4
DA:113,30
DA:114,21
DA:116,13
DA:117,9
DA:120,459
DA:122,459
DA:123,459
DA:124,459
DA:125,459
DA:128,459
DA:129,104
DA:130,104
DA:133,459
DA:135,104
DA:136,104
DA:137,104
DA:138,104
DA:139,104
DA:140,104
DA:142,88
DA:143,88
DA:144,251
DA:147,88
DA:150,88
DA:151,4
DA:154,84
DA:157,459
DA:158,24
DA:160,24
DA:161,2
DA:162,2
DA:163,22
DA:164,11
DA:165,11
DA:166,2
DA:167,9
DA:168,2
DA:170,7
DA:173,24
DA:176,459
DA:177,27
DA:179,27
DA:180,2
DA:181,25
DA:182,8
DA:183,17
DA:184,0
DA:185,17
DA:186,2
DA:188,15
DA:191,27
DA:203,459
DA:204,6762
DA:205,0
DA:207,6762
DA:208,6762
DA:217,459
DA:218,444
DA:219,33
DA:222,411
DA:223,28
DA:224,28
DA:226,411
DA:231,1
DA:232,462
DA:233,462
DA:235,462
DA:236,462
DA:237,9702
DA:238,1150
DA:239,1150
DA:240,1150
DA:241,1150
DA:246,462
DA:249,1150
DA:251,462
DA:254,1
DA:255,462
DA:258,1
DA:259,462
DA:261,462
DA:263,462
DA:264,9702
DA:267,462
DA:268,9702
DA:270,462
DA:272,462
DA:275,459
DA:276,459
DA:280,347
LF:137
LH:134
BRDA:48,1,0,28
BRDA:48,1,1,24
BRDA:54,2,0,9
BRDA:54,2,1,19
BRDA:75,3,0,53
BRDA:75,3,1,406
BRDA:77,4,0,53
BRDA:77,4,1,406
BRDA:79,5,0,53
BRDA:79,5,1,406
BRDA:81,6,0,53
BRDA:81,6,1,406
BRDA:86,7,0,53
BRDA:86,7,1,406
BRDA:90,8,0,53
BRDA:90,8,1,406
BRDA:93,9,0,53
BRDA:93,9,1,406
BRDA:110,10,0,11
BRDA:110,10,1,14
BRDA:117,11,0,2
BRDA:117,11,1,7
BRDA:117,12,0,9
BRDA:117,12,1,3
BRDA:123,13,0,459
BRDA:123,13,1,193
BRDA:129,14,0,0
BRDA:129,14,1,104
BRDA:135,15,0,3
BRDA:135,15,1,101
BRDA:135,16,0,3
BRDA:135,16,1,2
BRDA:136,17,0,23
BRDA:136,17,1,81
BRDA:136,18,0,23
BRDA:136,18,1,23
BRDA:137,19,0,3
BRDA:137,19,1,101
BRDA:138,20,0,3
BRDA:138,20,1,101
BRDA:140,21,0,16
BRDA:140,21,1,88
BRDA:142,22,0,64
BRDA:142,22,1,24
BRDA:142,23,0,88
BRDA:142,23,1,64
BRDA:144,24,0,251
BRDA:144,24,1,251
BRDA:150,25,0,4
BRDA:150,25,1,84
BRDA:160,26,0,2
BRDA:160,26,1,22
BRDA:162,27,0,1
BRDA:162,27,1,1
BRDA:162,28,0,1
BRDA:162,28,1,1
BRDA:163,29,0,11
BRDA:163,29,1,11
BRDA:163,30,0,22
BRDA:163,30,1,22
BRDA:165,31,0,2
BRDA:165,31,1,9
BRDA:167,32,0,2
BRDA:167,32,1,7
BRDA:167,33,0,9
BRDA:167,33,1,9
BRDA:168,34,0,1
BRDA:168,34,1,1
BRDA:179,35,0,2
BRDA:179,35,1,25
BRDA:181,36,0,8
BRDA:181,36,1,17
BRDA:181,37,0,25
BRDA:181,37,1,25
BRDA:183,38,0,0
BRDA:183,38,1,17
BRDA:185,39,0,2
BRDA:185,39,1,15
BRDA:185,40,0,17
BRDA:185,40,1,17
BRDA:186,41,0,1
BRDA:186,41,1,1
BRDA:204,42,0,0
BRDA:204,42,1,6762
BRDA:207,43,0,0
BRDA:207,43,1,6762
BRDA:218,44,0,33
BRDA:218,44,1,411
BRDA:222,45,0,28
BRDA:222,45,1,383
BRDA:222,46,0,411
BRDA:222,46,1,28
BRDA:224,47,0,7
BRDA:224,47,1,21
BRDA:237,48,0,1150
BRDA:237,48,1,8552
BRDA:240,49,0,1150
BRDA:240,49,1,0
BRDA:249,50,0,1150
BRDA:249,50,1,0
BRF:100
BRH:94
end_of_record
TN:
SF:/Users/olivier/Projects/angular-strap/src/helpers/debounce.js
FN:7,(anonymous_1)
FN:8,(anonymous_2)
FN:10,(anonymous_3)
FN:17,later
FN:34,(anonymous_5)
FN:35,(anonymous_6)
FN:38,(anonymous_7)
FN:45,later
FNF:8
FNH:8
FNDA:9,(anonymous_1)
FNDA:11,(anonymous_2)
FNDA:28,(anonymous_3)
FNDA:1,later
FNDA:4,(anonymous_5)
FNDA:3,(anonymous_6)
FNDA:2,(anonymous_7)
FNDA:1,later
DA:3,1
DA:8,9
DA:9,11
DA:10,11
DA:11,28
DA:14,28
DA:15,24
DA:17,28
DA:18,1
DA:19,1
DA:20,1
DA:23,28
DA:24,0
DA:26,28
DA:35,4
DA:36,3
DA:37,3
DA:38,3
DA:39,2
DA:41,2
DA:42,1
DA:43,1
DA:45,1
DA:46,1
DA:47,1
DA:48,1
LF:26
LH:25
BRDA:13,1,0,28
BRDA:13,1,1,0
BRDA:14,2,0,24
BRDA:14,2,1,4
BRDA:19,3,0,1
BRDA:19,3,1,0
BRDA:23,4,0,0
BRDA:23,4,1,28
BRDA:37,5,0,3
BRDA:37,5,1,3
BRDA:41,6,0,1
BRDA:41,6,1,1
BRDA:42,7,0,1
BRDA:42,7,1,0
BRDA:47,8,0,1
BRDA:47,8,1,0
BRF:16
BRH:11
end_of_record
TN:
SF:/Users/olivier/Projects/angular-strap/src/helpers/dimensions.js
FN:5,(anonymous_1)
FN:15,(anonymous_2)
FN:25,(anonymous_3)
FN:43,(anonymous_4)
FN:62,(anonymous_5)
FN:123,(anonymous_6)
FN:166,offsetParentElement
FN:183,(anonymous_8)
FN:200,(anonymous_9)
FNF:9
FNH:9
FNDA:572,(anonymous_1)
FNDA:37,(anonymous_2)
FNDA:6799,(anonymous_3)
FNDA:2914,(anonymous_4)
FNDA:1493,(anonymous_5)
FNDA:11,(anonymous_6)
FNDA:11,offsetParentElement
FNDA:26,(anonymous_8)
FNDA:11,(anonymous_9)
DA:3,1
DA:7,572
DA:8,572
DA:15,572
DA:16,37
DA:25,572
DA:26,6799
DA:27,6799
DA:28,0
DA:29,6799
DA:30,6799
DA:32,0
DA:34,6799
DA:43,572
DA:44,2914
DA:45,2914
DA:46,2914
DA:62,572
DA:63,1493
DA:75,1493
DA:76,478
DA:79,1493
DA:80,1493
DA:81,1493
DA:82,1493
DA:87,1493
DA:88,0
DA:89,0
DA:90,0
DA:92,1493
DA:93,1493
DA:96,1493
DA:97,0
DA:100,1493
DA:101,1493
DA:103,1493
DA:104,1493
DA:107,1493
DA:108,1036
DA:110,457
DA:123,572
DA:125,11
DA:130,11
DA:133,0
DA:138,11
DA:141,11
DA:142,11
DA:143,6
DA:147,11
DA:148,11
DA:152,11
DA:166,572
DA:167,11
DA:168,11
DA:169,11
DA:170,11
DA:171,9
DA:173,11
DA:183,572
DA:184,26
DA:185,26
DA:186,0
DA:188,26
DA:190,26
DA:200,572
DA:201,11
DA:202,11
DA:203,0
DA:205,11
DA:207,11
DA:210,572
LF:71
LH:62
BRDA:16,1,0,37
BRDA:16,1,1,37
BRDA:27,2,0,0
BRDA:27,2,1,6799
BRDA:29,3,0,6799
BRDA:29,3,1,0
BRDA:34,4,0,198
BRDA:34,4,1,6601
BRDA:34,5,0,198
BRDA:34,5,1,171
BRDA:47,6,0,2914
BRDA:47,6,1,73
BRDA:48,7,0,2914
BRDA:48,7,1,130
BRDA:49,8,0,2914
BRDA:49,8,1,2914
BRDA:49,9,0,2914
BRDA:49,9,1,2914
BRDA:50,10,0,2914
BRDA:50,10,1,2914
BRDA:50,11,0,2914
BRDA:50,11,1,2914
BRDA:75,12,0,478
BRDA:75,12,1,1015
BRDA:82,13,0,1493
BRDA:82,13,1,651
BRDA:82,13,2,842
BRDA:87,14,0,0
BRDA:87,14,1,1493
BRDA:92,15,0,1493
BRDA:92,15,1,13
BRDA:93,16,0,1493
BRDA:93,16,1,35
BRDA:96,17,0,0
BRDA:96,17,1,1493
BRDA:100,18,0,1493
BRDA:100,18,1,0
BRDA:103,19,0,1493
BRDA:103,19,1,0
BRDA:107,20,0,1036
BRDA:107,20,1,457
BRDA:130,21,0,0
BRDA:130,21,1,11
BRDA:142,22,0,6
BRDA:142,22,1,5
BRDA:168,23,0,11
BRDA:168,23,1,0
BRDA:169,24,0,0
BRDA:169,24,1,11
BRDA:170,25,0,20
BRDA:170,25,1,15
BRDA:170,25,2,15
BRDA:173,26,0,11
BRDA:173,26,1,5
BRDA:185,27,0,0
BRDA:185,27,1,26
BRDA:202,28,0,0
BRDA:202,28,1,11
BRF:58
BRH:47
end_of_record
TN:
SF:/Users/olivier/Projects/angular-strap/src/helpers/parse-options.js
FN:5,(anonymous_1)
FN:11,(anonymous_2)
FN:13,ParseOptionsFactory
FN:24,(anonymous_4)
FN:34,(anonymous_5)
FN:36,(anonymous_6)
FN:45,(anonymous_7)
FN:53,parseValues
FN:54,(anonymous_9)
FNF:9
FNH:9
FNDA:99,(anonymous_1)
FNDA:93,(anonymous_2)
FNDA:97,ParseOptionsFactory
FNDA:97,(anonymous_4)
FNDA:120,(anonymous_5)
FNDA:120,(anonymous_6)
FNDA:48,(anonymous_7)
FNDA:120,parseValues
FNDA:571,(anonymous_9)
DA:3,1
DA:7,99
DA:11,99
DA:13,1
DA:15,97
DA:18,97
DA:19,97
DA:22,97
DA:24,97
DA:25,97
DA:26,97
DA:34,97
DA:35,120
DA:37,120
DA:38,0
DA:40,120
DA:41,120
DA:45,97
DA:46,48
DA:47,48
DA:48,48
DA:53,1
DA:54,120
DA:55,571
DA:56,571
DA:57,571
DA:58,571
DA:59,571
DA:63,97
DA:64,97
DA:68,93
LF:31
LH:30
BRDA:26,1,0,97
BRDA:26,1,1,42
BRDA:27,2,0,97
BRDA:27,2,1,0
BRDA:29,3,0,97
BRDA:29,3,1,97
BRDA:30,4,0,55
BRDA:30,4,1,42
BRDA:37,5,0,0
BRDA:37,5,1,120
BRDA:40,6,0,120
BRDA:40,6,1,0
BRF:12
BRH:9
end_of_record
TN:
SF:/Users/olivier/Projects/angular-strap/src/helpers/raf.js
FN:5,(anonymous_1)
FN:18,(anonymous_2)
FN:20,(anonymous_3)
FN:24,(anonymous_4)
FN:26,(anonymous_5)
FNF:5
FNH:0
FNDA:0,(anonymous_1)
FNDA:0,(anonymous_2)
FNDA:0,(anonymous_3)
FNDA:0,(anonymous_4)
FNDA:0,(anonymous_5)
DA:3,1
DA:7,0
DA:11,0
DA:16,0
DA:17,0
DA:19,0
DA:20,0
DA:21,0
DA:25,0
DA:26,0
DA:27,0
DA:31,0
DA:33,0
LF:13
LH:1
BRDA:3,1,0,1
BRDA:3,1,1,0
BRDA:3,1,2,0
BRDA:7,2,0,0
BRDA:7,2,1,0
BRDA:7,2,2,0
BRDA:11,3,0,0
BRDA:11,3,1,0
BRDA:11,3,2,0
BRDA:11,3,3,0
BRDA:17,4,0,0
BRDA:17,4,1,0
BRF:12
BRH:1
end_of_record
TN:
SF:/Users/olivier/Projects/angular-strap/src/modal/modal.js
FN:5,(anonymous_1)
FN:24,(anonymous_2)
FN:31,ModalFactory
FN:50,(anonymous_4)
FN:55,(anonymous_5)
FN:56,(anonymous_6)
FN:60,(anonymous_7)
FN:61,(anonymous_8)
FN:65,(anonymous_9)
FN:66,(anonymous_10)
FN:77,(anonymous_11)
FN:82,(anonymous_12)
FN:86,(anonymous_13)
FN:93,(anonymous_14)
FN:108,(anonymous_15)
FN:132,(anonymous_16)
FN:166,(anonymous_17)
FN:180,enterAnimateCallback
FN:184,(anonymous_19)
FN:210,leaveAnimateCallback
FN:218,(anonymous_21)
FN:224,(anonymous_22)
FN:230,(anonymous_23)
FN:239,bindBackdropEvents
FN:247,unbindBackdropEvents
FN:255,bindKeyboardEvents
FN:261,unbindKeyboardEvents
FN:269,hideOnBackdropClick
FN:274,preventEventDefault
FN:278,destroyModalElement
FN:302,safeDigest
FN:306,findElement
FN:316,(anonymous_33)
FN:321,postLink
FN:325,(anonymous_35)
FN:331,(anonymous_36)
FN:337,(anonymous_37)
FN:338,(anonymous_38)
FN:344,(anonymous_39)
FN:359,(anonymous_40)
FNF:40
FNH:37
FNDA:97,(anonymous_1)
FNDA:97,(anonymous_2)
FNDA:98,ModalFactory
FNDA:196,(anonymous_4)
FNDA:24,(anonymous_5)
FNDA:24,(anonymous_6)
FNDA:3,(anonymous_7)
FNDA:3,(anonymous_8)
FNDA:2,(anonymous_9)
FNDA:2,(anonymous_10)
FNDA:96,(anonymous_11)
FNDA:96,(anonymous_12)
FNDA:14,(anonymous_13)
FNDA:81,(anonymous_14)
FNDA:122,(anonymous_15)
FNDA:121,(anonymous_16)
FNDA:120,(anonymous_17)
FNDA:8,enterAnimateCallback
FNDA:45,(anonymous_19)
FNDA:5,leaveAnimateCallback
FNDA:113,(anonymous_21)
FNDA:0,(anonymous_22)
FNDA:5,(anonymous_23)
FNDA:120,bindBackdropEvents
FNDA:112,unbindBackdropEvents
FNDA:120,bindKeyboardEvents
FNDA:112,unbindKeyboardEvents
FNDA:0,hideOnBackdropClick
FNDA:0,preventEventDefault
FNDA:108,destroyModalElement
FNDA:163,safeDigest
FNDA:17,findElement
FNDA:37,(anonymous_33)
FNDA:38,postLink
FNDA:570,(anonymous_35)
FNDA:152,(anonymous_36)
FNDA:76,(anonymous_37)
FNDA:56,(anonymous_38)
FNDA:9,(anonymous_39)
FNDA:38,(anonymous_40)
DA:3,1
DA:7,97
DA:24,97
DA:26,97
DA:27,97
DA:28,97
DA:29,97
DA:31,1
DA:33,98
DA:36,98
DA:37,98
DA:38,98
DA:40,98
DA:41,15
DA:47,98
DA:50,98
DA:51,196
DA:55,98
DA:56,24
DA:57,24
DA:60,98
DA:61,3
DA:62,3
DA:65,98
DA:66,2
DA:67,2
DA:71,98
DA:74,98
DA:75,98
DA:76,98
DA:77,98
DA:78,96
DA:79,96
DA:82,98
DA:85,96
DA:86,14
DA:87,14
DA:93,98
DA:96,81
DA:99,81
DA:100,81
DA:101,81
DA:105,81
DA:108,98
DA:109,122
DA:111,121
DA:112,121
DA:113,3
DA:114,3
DA:116,118
DA:117,17
DA:118,17
DA:120,101
DA:121,101
DA:126,121
DA:130,121
DA:132,121
DA:134,121
DA:135,1
DA:139,120
DA:142,120
DA:143,120
DA:144,93
DA:146,120
DA:149,120
DA:150,93
DA:155,120
DA:156,0
DA:158,120
DA:161,120
DA:162,120
DA:165,120
DA:166,120
DA:167,120
DA:170,120
DA:171,120
DA:172,120
DA:176,120
DA:177,120
DA:180,1
DA:181,8
DA:184,98
DA:185,45
DA:187,44
DA:188,1
DA:193,43
DA:194,0
DA:196,43
DA:199,43
DA:200,38
DA:202,43
DA:203,43
DA:206,43
DA:207,43
DA:210,1
DA:211,5
DA:212,5
DA:213,5
DA:214,5
DA:218,98
DA:220,113
DA:224,98
DA:225,0
DA:230,98
DA:232,5
DA:233,4
DA:234,4
DA:239,1
DA:240,120
DA:241,93
DA:242,93
DA:243,93
DA:247,1
DA:248,112
DA:249,87
DA:250,87
DA:251,87
DA:255,1
DA:256,120
DA:257,117
DA:261,1
DA:262,112
DA:263,109
DA:269,1
DA:270,0
DA:271,0
DA:274,1
DA:275,0
DA:278,1
DA:279,108
DA:281,69
DA:282,69
DA:285,108
DA:286,106
DA:287,106
DA:290,108
DA:291,106
DA:292,106
DA:296,98
DA:302,1
DA:303,163
DA:306,1
DA:307,17
DA:310,97
DA:318,37
DA:324,38
DA:325,38
DA:326,570
DA:330,38
DA:331,38
DA:332,152
DA:333,7
DA:337,38
DA:338,76
DA:339,56
DA:344,38
DA:345,9
DA:346,9
DA:348,0
DA:353,38
DA:356,38
DA:359,38
DA:360,38
DA:361,38
DA:362,38
LF:165
LH:158
BRDA:28,1,0,97
BRDA:28,1,1,97
BRDA:38,2,0,98
BRDA:38,2,1,80
BRDA:38,2,2,18
BRDA:40,3,0,15
BRDA:40,3,1,83
BRDA:40,4,0,98
BRDA:40,4,1,18
BRDA:47,5,0,98
BRDA:47,5,1,96
BRDA:47,5,2,79
BRDA:47,5,3,95
BRDA:51,6,0,38
BRDA:51,6,1,158
BRDA:85,7,0,14
BRDA:85,7,1,82
BRDA:99,8,0,81
BRDA:99,8,1,0
BRDA:109,9,0,1
BRDA:109,9,1,121
BRDA:112,10,0,3
BRDA:112,10,1,118
BRDA:114,11,0,0
BRDA:114,11,1,3
BRDA:116,12,0,17
BRDA:116,12,1,101
BRDA:118,13,0,14
BRDA:118,13,1,3
BRDA:118,14,0,17
BRDA:118,14,1,17
BRDA:126,15,0,27
BRDA:126,15,1,94
BRDA:134,16,0,1
BRDA:134,16,1,120
BRDA:142,17,0,120
BRDA:142,17,1,0
BRDA:143,18,0,93
BRDA:143,18,1,27
BRDA:149,19,0,93
BRDA:149,19,1,27
BRDA:155,20,0,0
BRDA:155,20,1,120
BRDA:171,21,0,120
BRDA:171,21,1,0
BRDA:185,22,0,1
BRDA:185,22,1,44
BRDA:187,23,0,1
BRDA:187,23,1,43
BRDA:193,24,0,0
BRDA:193,24,1,43
BRDA:199,25,0,38
BRDA:199,25,1,5
BRDA:213,26,0,5
BRDA:213,26,1,0
BRDA:220,27,0,11
BRDA:220,27,1,102
BRDA:232,28,0,4
BRDA:232,28,1,1
BRDA:232,29,0,5
BRDA:232,29,1,5
BRDA:240,30,0,93
BRDA:240,30,1,27
BRDA:248,31,0,87
BRDA:248,31,1,25
BRDA:256,32,0,117
BRDA:256,32,1,3
BRDA:262,33,0,109
BRDA:262,33,1,3
BRDA:270,34,0,0
BRDA:270,34,1,0
BRDA:271,35,0,0
BRDA:271,35,1,0
BRDA:279,36,0,69
BRDA:279,36,1,39
BRDA:279,37,0,108
BRDA:279,37,1,69
BRDA:285,38,0,106
BRDA:285,38,1,2
BRDA:290,39,0,106
BRDA:290,39,1,2
BRDA:303,40,0,163
BRDA:303,40,1,161
BRDA:303,40,2,161
BRDA:303,40,3,160
BRDA:307,41,0,17
BRDA:307,41,1,17
BRDA:326,42,0,26
BRDA:326,42,1,544
BRDA:332,43,0,7
BRDA:332,43,1,145
BRDA:332,44,0,152
BRDA:332,44,1,12
BRDA:338,45,0,76
BRDA:338,45,1,56
BRDA:344,46,0,38
BRDA:344,46,1,9
BRDA:345,47,0,9
BRDA:345,47,1,0
BRDA:356,48,0,38
BRDA:356,48,1,38
BRDA:360,49,0,38
BRDA:360,49,1,0
BRF:103
BRH:90
end_of_record
TN:
SF:/Users/olivier/Projects/angular-strap/src/module.js
FNF:0
FNH:0
DA:2,1
LF:1
LH:1
BRF:0
BRH:0
end_of_record
TN:
SF:/Users/olivier/Projects/angular-strap/src/navbar/navbar.js
FN:5,(anonymous_1)
FN:13,(anonymous_2)
FN:19,(anonymous_3)
FN:25,postLink
FN:29,(anonymous_5)
FN:34,(anonymous_6)
FN:38,(anonymous_7)
FN:42,(anonymous_8)
FNF:8
FNH:8
FNDA:5,(anonymous_1)
FNDA:5,(anonymous_2)
FNDA:5,(anonymous_3)
FNDA:5,postLink
FNDA:15,(anonymous_5)
FNDA:30,(anonymous_6)
FNDA:15,(anonymous_7)
FNDA:30,(anonymous_8)
DA:3,1
DA:7,5
DA:13,5
DA:14,5
DA:21,5
DA:23,5
DA:28,5
DA:29,5
DA:30,15
DA:34,5
DA:36,30
DA:40,15
DA:42,15
DA:44,30
DA:45,30
DA:46,30
DA:47,0
DA:49,30
DA:51,30
DA:52,10
DA:54,20
LF:21
LH:20
BRDA:30,1,0,2
BRDA:30,1,1,13
BRDA:46,2,0,0
BRDA:46,2,1,30
BRDA:51,3,0,10
BRDA:51,3,1,20
BRF:6
BRH:5
end_of_record
TN:
SF:/Users/olivier/Projects/angular-strap/src/popover/popover.js
FN:5,(anonymous_1)
FN:27,(anonymous_2)
FN:29,PopoverFactory
FN:51,(anonymous_4)
FN:58,postLink
FN:62,(anonymous_6)
FN:68,(anonymous_7)
FN:83,(anonymous_8)
FN:84,(anonymous_9)
FN:86,(anonymous_10)
FN:93,(anonymous_11)
FN:99,(anonymous_12)
FN:105,(anonymous_13)
FN:112,(anonymous_14)
FN:121,(anonymous_15)
FNF:15
FNH:13
FNDA:37,(anonymous_1)
FNDA:37,(anonymous_2)
FNDA:37,PopoverFactory
FNDA:33,(anonymous_4)
FNDA:33,postLink
FNDA:528,(anonymous_6)
FNDA:99,(anonymous_7)
FNDA:66,(anonymous_8)
FNDA:28,(anonymous_9)
FNDA:0,(anonymous_10)
FNDA:23,(anonymous_11)
FNDA:23,(anonymous_12)
FNDA:11,(anonymous_13)
FNDA:0,(anonymous_14)
FNDA:33,(anonymous_15)
DA:3,1
DA:7,37
DA:27,37
DA:29,1
DA:32,37
DA:34,37
DA:37,37
DA:38,4
DA:41,37
DA:45,37
DA:53,33
DA:55,33
DA:61,33
DA:62,33
DA:63,528
DA:67,33
DA:68,33
DA:69,99
DA:70,4
DA:74,33
DA:75,33
DA:76,0
DA:77,0
DA:79,0
DA:83,33
DA:84,66
DA:85,28
DA:86,28
DA:87,0
DA:93,33
DA:94,23
DA:95,23
DA:97,0
DA:99,23
DA:100,23
DA:105,33
DA:106,11
DA:107,10
DA:108,10
DA:112,33
DA:113,0
DA:114,0
DA:118,33
DA:121,33
DA:122,33
DA:123,33
DA:124,33
LF:47
LH:40
BRDA:37,1,0,4
BRDA:37,1,1,33
BRDA:53,2,0,33
BRDA:53,2,1,33
BRDA:63,3,0,21
BRDA:63,3,1,507
BRDA:69,4,0,4
BRDA:69,4,1,95
BRDA:69,5,0,99
BRDA:69,5,1,10
BRDA:75,6,0,0
BRDA:75,6,1,33
BRDA:76,7,0,0
BRDA:76,7,1,0
BRDA:84,8,0,66
BRDA:84,8,1,28
BRDA:86,9,0,28
BRDA:86,9,1,0
BRDA:87,10,0,0
BRDA:87,10,1,0
BRDA:93,11,0,33
BRDA:93,11,1,19
BRDA:94,12,0,23
BRDA:94,12,1,0
BRDA:99,13,0,23
BRDA:99,13,1,23
BRDA:100,14,0,23
BRDA:100,14,1,0
BRDA:105,15,0,33
BRDA:105,15,1,6
BRDA:106,16,0,1
BRDA:106,16,1,10
BRDA:106,17,0,11
BRDA:106,17,1,11
BRDA:107,18,0,4
BRDA:107,18,1,6
BRDA:108,19,0,5
BRDA:108,19,1,5
BRDA:112,20,0,33
BRDA:112,20,1,0
BRDA:113,21,0,0
BRDA:113,21,1,0
BRDA:113,22,0,0
BRDA:113,22,1,0
BRDA:122,23,0,33
BRDA:122,23,1,0
BRF:46
BRH:32
end_of_record
TN:
SF:/Users/olivier/Projects/angular-strap/src/scrollspy/scrollspy.js
FN:5,(anonymous_1)
FN:16,(anonymous_2)
FN:24,nodeName
FN:28,ScrollSpyFactory
FN:56,(anonymous_5)
FN:80,(anonymous_6)
FN:99,(anonymous_7)
FN:126,(anonymous_8)
FN:134,(anonymous_9)
FN:151,(anonymous_10)
FN:152,(anonymous_11)
FN:159,(anonymous_12)
FN:161,(anonymous_13)
FN:168,(anonymous_14)
FN:171,(anonymous_15)
FN:179,(anonymous_16)
FN:183,(anonymous_17)
FN:194,(anonymous_18)
FN:211,(anonymous_19)
FN:215,postLink
FN:218,(anonymous_21)
FN:225,(anonymous_22)
FN:240,(anonymous_23)
FN:244,postLink
FN:246,(anonymous_25)
FNF:25
FNH:14
FNDA:2,(anonymous_1)
FNDA:2,(anonymous_2)
FNDA:2,nodeName
FNDA:2,ScrollSpyFactory
FNDA:2,(anonymous_5)
FNDA:2,(anonymous_6)
FNDA:1,(anonymous_7)
FNDA:1,(anonymous_8)
FNDA:0,(anonymous_9)
FNDA:0,(anonymous_10)
FNDA:0,(anonymous_11)
FNDA:0,(anonymous_12)
FNDA:0,(anonymous_13)
FNDA:0,(anonymous_14)
FNDA:0,(anonymous_15)
FNDA:2,(anonymous_16)
FNDA:2,(anonymous_17)
FNDA:0,(anonymous_18)
FNDA:2,(anonymous_19)
FNDA:2,postLink
FNDA:4,(anonymous_21)
FNDA:2,(anonymous_22)
FNDA:0,(anonymous_23)
FNDA:0,postLink
FNDA:0,(anonymous_25)
DA:3,1
DA:8,2
DA:10,2
DA:16,2
DA:18,2
DA:19,2
DA:20,2
DA:24,1
DA:25,2
DA:28,1
DA:31,2
DA:32,2
DA:33,2
DA:34,2
DA:35,2
DA:38,2
DA:39,0
DA:40,0
DA:43,2
DA:46,2
DA:47,2
DA:48,2
DA:49,2
DA:50,2
DA:51,2
DA:52,2
DA:53,2
DA:54,2
DA:56,2
DA:59,2
DA:62,2
DA:63,2
DA:64,2
DA:65,2
DA:66,2
DA:68,2
DA:69,2
DA:70,2
DA:71,2
DA:74,2
DA:75,2
DA:80,2
DA:83,2
DA:84,2
DA:85,0
DA:89,2
DA:90,2
DA:91,2
DA:92,2
DA:93,2
DA:94,2
DA:95,2
DA:99,2
DA:102,1
DA:105,0
DA:108,0
DA:111,0
DA:112,0
DA:116,0
DA:117,0
DA:118,0
DA:119,0
DA:120,0
DA:121,0
DA:126,2
DA:129,1
DA:134,2
DA:135,0
DA:136,0
DA:137,0
DA:138,0
DA:139,0
DA:140,0
DA:144,0
DA:145,0
DA:146,0
DA:147,0
DA:151,2
DA:152,0
DA:153,0
DA:159,2
DA:161,0
DA:162,0
DA:163,0
DA:164,0
DA:167,0
DA:169,0
DA:172,0
DA:175,0
DA:179,2
DA:180,2
DA:183,2
DA:184,2
DA:185,2
DA:186,2
DA:187,2
DA:188,2
DA:191,2
DA:194,2
DA:195,0
DA:200,2
DA:201,2
DA:205,2
DA:213,2
DA:217,2
DA:218,2
DA:219,4
DA:222,2
DA:223,2
DA:225,2
DA:226,2
DA:227,2
DA:228,2
DA:230,2
DA:231,2
DA:242,0
DA:245,0
DA:246,0
DA:247,0
DA:248,0
LF:120
LH:81
BRDA:25,1,0,2
BRDA:25,1,1,2
BRDA:32,2,0,2
BRDA:32,2,1,0
BRDA:34,3,0,2
BRDA:34,3,1,0
BRDA:35,4,0,2
BRDA:35,4,1,0
BRDA:38,5,0,0
BRDA:38,5,1,2
BRDA:74,6,0,2
BRDA:74,6,1,0
BRDA:84,7,0,0
BRDA:84,7,1,2
BRDA:94,8,0,2
BRDA:94,8,1,0
BRDA:102,9,0,1
BRDA:102,9,1,0
BRDA:105,10,0,0
BRDA:105,10,1,0
BRDA:105,11,0,0
BRDA:105,11,1,0
BRDA:111,12,0,0
BRDA:111,12,1,0
BRDA:111,13,0,0
BRDA:111,13,1,0
BRDA:117,14,0,0
BRDA:117,14,1,0
BRDA:117,15,0,0
BRDA:117,15,1,0
BRDA:118,16,0,0
BRDA:118,16,1,0
BRDA:119,17,0,0
BRDA:119,17,1,0
BRDA:120,18,0,0
BRDA:120,18,1,0
BRDA:120,19,0,0
BRDA:120,19,1,0
BRDA:135,20,0,0
BRDA:135,20,1,0
BRDA:137,21,0,0
BRDA:137,21,1,0
BRDA:139,22,0,0
BRDA:139,22,1,0
BRDA:139,23,0,0
BRDA:139,23,1,0
BRDA:146,24,0,0
BRDA:146,24,1,0
BRDA:146,25,0,0
BRDA:146,25,1,0
BRDA:163,26,0,0
BRDA:163,26,1,0
BRDA:164,27,0,0
BRDA:164,27,1,0
BRDA:164,28,0,0
BRDA:164,28,1,0
BRDA:186,29,0,2
BRDA:186,29,1,0
BRDA:186,30,0,2
BRDA:186,30,1,2
BRDA:219,31,0,2
BRDA:219,31,1,2
BRDA:226,32,0,2
BRDA:226,32,1,0
BRF:64
BRH:16
end_of_record
TN:
SF:/Users/olivier/Projects/angular-strap/src/select/select.js
FN:5,(anonymous_1)
FN:30,(anonymous_2)
FN:36,SelectFactory
FN:59,(anonymous_4)
FN:60,(anonymous_5)
FN:65,(anonymous_6)
FN:66,(anonymous_7)
FN:71,(anonymous_8)
FN:75,(anonymous_9)
FN:79,(anonymous_10)
FN:87,(anonymous_11)
FN:97,(anonymous_12)
FN:102,(anonymous_13)
FN:105,(anonymous_14)
FN:112,(anonymous_15)
FN:114,(anonymous_16)
FN:117,(anonymous_17)
FN:135,(anonymous_18)
FN:138,(anonymous_19)
FN:153,(anonymous_20)
FN:161,(anonymous_21)
FN:169,(anonymous_22)
FN:179,(anonymous_23)
FN:190,(anonymous_24)
FN:218,(anonymous_25)
FN:223,(anonymous_26)
FN:234,(anonymous_27)
FN:241,(anonymous_28)
FN:250,(anonymous_29)
FN:272,(anonymous_30)
FN:279,postLink
FN:283,(anonymous_32)
FN:289,(anonymous_33)
FN:324,(anonymous_34)
FN:327,(anonymous_35)
FN:334,(anonymous_36)
FN:341,(anonymous_37)
FN:345,(anonymous_38)
FN:362,(anonymous_39)
FN:368,(anonymous_40)
FNF:40
FNH:36
FNDA:45,(anonymous_1)
FNDA:45,(anonymous_2)
FNDA:47,SelectFactory
FNDA:0,(anonymous_4)
FNDA:0,(anonymous_5)
FNDA:33,(anonymous_6)
FNDA:33,(anonymous_7)
FNDA:248,(anonymous_8)
FNDA:2251,(anonymous_9)
FNDA:1,(anonymous_10)
FNDA:1,(anonymous_11)
FNDA:48,(anonymous_12)
FNDA:34,(anonymous_13)
FNDA:147,(anonymous_14)
FNDA:34,(anonymous_15)
FNDA:34,(anonymous_16)
FNDA:96,(anonymous_17)
FNDA:130,(anonymous_18)
FNDA:122,(anonymous_19)
FNDA:248,(anonymous_20)
FNDA:2278,(anonymous_21)
FNDA:416,(anonymous_22)
FNDA:0,(anonymous_23)
FNDA:2,(anonymous_24)
FNDA:46,(anonymous_25)
FNDA:0,(anonymous_26)
FNDA:47,(anonymous_27)
FNDA:4,(anonymous_28)
FNDA:13,(anonymous_29)
FNDA:44,(anonymous_30)
FNDA:46,postLink
FNDA:1104,(anonymous_32)
FNDA:184,(anonymous_33)
FNDA:47,(anonymous_34)
FNDA:47,(anonymous_35)
FNDA:82,(anonymous_36)
FNDA:178,(anonymous_37)
FNDA:135,(anonymous_38)
FNDA:2,(anonymous_39)
FNDA:46,(anonymous_40)
DA:3,1
DA:7,45
DA:30,45
DA:32,45
DA:33,45
DA:34,45
DA:36,1
DA:38,47
DA:41,47
DA:43,47
DA:44,47
DA:46,47
DA:47,47
DA:48,13
DA:51,34
DA:53,47
DA:54,47
DA:55,47
DA:56,47
DA:57,47
DA:59,47
DA:60,0
DA:61,0
DA:65,47
DA:66,33
DA:67,33
DA:71,47
DA:72,248
DA:75,47
DA:76,2251
DA:79,47
DA:80,1
DA:81,4
DA:82,3
DA:87,47
DA:88,1
DA:89,4
DA:90,4
DA:97,47
DA:98,48
DA:99,48
DA:102,47
DA:103,34
DA:104,27
DA:105,147
DA:107,7
DA:109,34
DA:112,47
DA:113,34
DA:114,34
DA:115,34
DA:116,34
DA:117,27
DA:118,96
DA:119,1
DA:121,95
DA:124,7
DA:126,7
DA:130,34
DA:135,47
DA:136,130
DA:137,53
DA:138,50
DA:139,122
DA:142,3
DA:145,77
DA:146,43
DA:148,34
DA:153,47
DA:154,248
DA:155,248
DA:158,0
DA:161,47
DA:162,2278
DA:163,1709
DA:165,569
DA:169,47
DA:170,416
DA:171,416
DA:172,309
DA:173,1771
DA:175,309
DA:176,236
DA:179,47
DA:181,0
DA:182,0
DA:184,0
DA:185,0
DA:186,0
DA:190,47
DA:191,2
DA:193,2
DA:194,2
DA:195,2
DA:199,2
DA:200,0
DA:204,2
DA:205,0
DA:208,2
DA:210,2
DA:211,2
DA:212,2
DA:213,2
DA:214,2
DA:218,47
DA:219,46
DA:220,46
DA:223,47
DA:224,0
DA:225,0
DA:226,0
DA:227,0
DA:233,47
DA:234,47
DA:235,47
DA:236,47
DA:237,11
DA:241,47
DA:242,4
DA:243,4
DA:244,4
DA:249,47
DA:250,47
DA:251,13
DA:252,2
DA:254,13
DA:255,13
DA:256,13
DA:258,13
DA:261,47
DA:265,45
DA:266,45
DA:274,44
DA:276,44
DA:282,46
DA:283,46
DA:284,1104
DA:288,46
DA:289,46
DA:290,184
DA:291,5
DA:296,46
DA:297,46
DA:298,13
DA:299,0
DA:301,13
DA:305,46
DA:306,1
DA:307,1
DA:308,1
DA:309,1
DA:313,46
DA:316,46
DA:318,46
DA:319,0
DA:323,46
DA:324,46
DA:326,47
DA:328,47
DA:329,47
DA:334,46
DA:336,82
DA:337,82
DA:341,46
DA:343,178
DA:344,178
DA:345,62
DA:346,135
DA:347,135
DA:349,62
DA:350,15
DA:352,47
DA:355,116
DA:356,116
DA:358,178
DA:361,46
DA:362,13
DA:363,2
DA:368,46
DA:369,46
DA:370,46
DA:371,46
LF:182
LH:166
BRDA:34,1,0,45
BRDA:34,1,1,45
BRDA:47,2,0,13
BRDA:47,2,1,34
BRDA:54,3,0,47
BRDA:54,3,1,3
BRDA:81,4,0,3
BRDA:81,4,1,1
BRDA:89,5,0,4
BRDA:89,5,1,0
BRDA:103,6,0,27
BRDA:103,6,1,7
BRDA:104,7,0,5
BRDA:104,7,1,22
BRDA:105,8,0,21
BRDA:105,8,1,6
BRDA:116,9,0,27
BRDA:116,9,1,7
BRDA:118,10,0,1
BRDA:118,10,1,95
BRDA:136,11,0,53
BRDA:136,11,1,77
BRDA:137,12,0,50
BRDA:137,12,1,3
BRDA:145,13,0,43
BRDA:145,13,1,34
BRDA:145,14,0,77
BRDA:145,14,1,76
BRDA:154,15,0,248
BRDA:154,15,1,0
BRDA:154,16,0,248
BRDA:154,16,1,0
BRDA:158,17,0,0
BRDA:158,17,1,0
BRDA:162,18,0,1709
BRDA:162,18,1,569
BRDA:171,19,0,107
BRDA:171,19,1,309
BRDA:173,20,0,236
BRDA:173,20,1,1535
BRDA:175,21,0,73
BRDA:175,21,1,236
BRDA:184,22,0,0
BRDA:184,22,1,0
BRDA:191,23,0,0
BRDA:191,23,1,2
BRDA:193,24,0,2
BRDA:193,24,1,0
BRDA:199,25,0,0
BRDA:199,25,1,2
BRDA:199,26,0,2
BRDA:199,26,1,0
BRDA:204,27,0,0
BRDA:204,27,1,2
BRDA:204,28,0,2
BRDA:204,28,1,2
BRDA:204,28,2,2
BRDA:208,29,0,2
BRDA:208,29,1,0
BRDA:210,30,0,0
BRDA:210,30,1,2
BRDA:210,31,0,2
BRDA:210,31,1,1
BRDA:211,32,0,0
BRDA:211,32,1,2
BRDA:211,33,0,2
BRDA:211,33,1,1
BRDA:212,34,0,0
BRDA:212,34,1,2
BRDA:212,35,0,2
BRDA:212,35,1,1
BRDA:213,36,0,2
BRDA:213,36,1,0
BRDA:220,37,0,46
BRDA:220,37,1,46
BRDA:220,37,2,46
BRDA:224,38,0,0
BRDA:224,38,1,0
BRDA:236,39,0,11
BRDA:236,39,1,36
BRDA:242,40,0,0
BRDA:242,40,1,4
BRDA:243,41,0,4
BRDA:243,41,1,0
BRDA:251,42,0,2
BRDA:251,42,1,11
BRDA:251,43,0,13
BRDA:251,43,1,13
BRDA:254,44,0,0
BRDA:254,44,1,13
BRDA:255,45,0,13
BRDA:255,45,1,0
BRDA:284,46,0,26
BRDA:284,46,1,1078
BRDA:290,47,0,5
BRDA:290,47,1,179
BRDA:290,48,0,184
BRDA:290,48,1,11
BRDA:297,49,0,13
BRDA:297,49,1,33
BRDA:298,50,0,0
BRDA:298,50,1,13
BRDA:305,51,0,1
BRDA:305,51,1,45
BRDA:318,52,0,0
BRDA:318,52,1,46
BRDA:344,53,0,62
BRDA:344,53,1,116
BRDA:344,54,0,178
BRDA:344,54,1,66
BRDA:347,55,0,107
BRDA:347,55,1,28
BRDA:349,56,0,15
BRDA:349,56,1,47
BRDA:349,57,0,62
BRDA:349,57,1,56
BRDA:350,58,0,15
BRDA:350,58,1,12
BRDA:356,59,0,12
BRDA:356,59,1,104
BRDA:358,60,0,64
BRDA:358,60,1,114
BRDA:358,61,0,0
BRDA:358,61,1,178
BRDA:361,62,0,13
BRDA:361,62,1,33
BRDA:363,63,0,2
BRDA:363,63,1,2
BRDA:369,64,0,46
BRDA:369,64,1,0
BRF:130
BRH:103
end_of_record
TN:
SF:/Users/olivier/Projects/angular-strap/src/tab/tab.js
FN:5,(anonymous_1)
FN:14,(anonymous_2)
FN:19,(anonymous_3)
FN:34,(anonymous_4)
FN:41,(anonymous_5)
FN:46,(anonymous_6)
FN:73,(anonymous_7)
FN:75,(anonymous_8)
FN:80,(anonymous_9)
FN:86,(anonymous_10)
FN:95,(anonymous_11)
FN:104,(anonymous_12)
FN:107,postLink
FN:117,(anonymous_14)
FN:122,(anonymous_15)
FN:136,(anonymous_16)
FN:141,(anonymous_17)
FN:150,(anonymous_18)
FN:155,postLink
FN:164,(anonymous_20)
FN:176,(anonymous_21)
FN:184,(anonymous_22)
FN:188,render
FN:193,(anonymous_24)
FNF:24
FNH:24
FNDA:33,(anonymous_1)
FNDA:39,(anonymous_2)
FNDA:117,(anonymous_3)
FNDA:95,(anonymous_4)
FNDA:95,(anonymous_5)
FNDA:12,(anonymous_6)
FNDA:162,(anonymous_7)
FNDA:383,(anonymous_8)
FNDA:776,(anonymous_9)
FNDA:33,(anonymous_10)
FNDA:33,(anonymous_11)
FNDA:39,(anonymous_12)
FNDA:39,postLink
FNDA:36,(anonymous_14)
FNDA:10,(anonymous_15)
FNDA:40,(anonymous_16)
FNDA:14,(anonymous_17)
FNDA:33,(anonymous_18)
FNDA:95,postLink
FNDA:95,(anonymous_20)
FNDA:1,(anonymous_21)
FNDA:95,(anonymous_22)
FNDA:402,render
FNDA:307,(anonymous_24)
DA:3,1
DA:7,33
DA:14,33
DA:15,39
DA:18,39
DA:19,39
DA:20,117
DA:24,39
DA:25,39
DA:27,39
DA:32,39
DA:34,39
DA:35,95
DA:36,29
DA:38,95
DA:41,39
DA:42,95
DA:43,95
DA:44,95
DA:45,95
DA:46,8
DA:47,12
DA:50,87
DA:54,95
DA:56,95
DA:59,14
DA:61,81
DA:64,41
DA:66,95
DA:67,56
DA:69,39
DA:73,39
DA:74,162
DA:75,162
DA:76,383
DA:80,39
DA:81,776
DA:86,33
DA:87,33
DA:88,33
DA:89,33
DA:90,33
DA:97,33
DA:99,33
DA:105,39
DA:109,39
DA:110,39
DA:114,39
DA:117,9
DA:118,36
DA:122,9
DA:124,10
DA:125,10
DA:130,39
DA:133,9
DA:136,9
DA:137,40
DA:141,9
DA:142,14
DA:152,33
DA:157,95
DA:158,95
DA:161,95
DA:164,95
DA:165,95
DA:169,95
DA:172,95
DA:173,95
DA:176,95
DA:177,1
DA:181,95
DA:184,95
DA:185,95
DA:188,1
DA:189,402
DA:190,402
DA:193,95
DA:194,307
DA:196,95
LF:79
LH:79
BRDA:20,1,0,3
BRDA:20,1,1,114
BRDA:35,2,0,29
BRDA:35,2,1,66
BRDA:36,3,0,29
BRDA:36,3,1,25
BRDA:45,4,0,8
BRDA:45,4,1,87
BRDA:56,5,0,14
BRDA:56,5,1,81
BRDA:61,6,0,41
BRDA:61,6,1,40
BRDA:61,7,0,81
BRDA:61,7,1,78
BRDA:66,8,0,56
BRDA:66,8,1,39
BRDA:66,9,0,95
BRDA:66,9,1,56
BRDA:67,10,0,56
BRDA:67,10,1,52
BRDA:81,11,0,776
BRDA:81,11,1,658
BRDA:105,12,0,39
BRDA:105,12,1,38
BRDA:114,13,0,9
BRDA:114,13,1,30
BRDA:130,14,0,9
BRDA:130,14,1,30
BRDA:172,15,0,95
BRDA:172,15,1,0
BRDA:190,16,0,210
BRDA:190,16,1,192
BRF:32
BRH:31
end_of_record
TN:
SF:/Users/olivier/Projects/angular-strap/src/timepicker/timepicker.js
FN:5,(anonymous_1)
FN:38,(anonymous_2)
FN:46,timepickerFactory
FN:54,(anonymous_4)
FN:58,floorMinutes
FN:91,(anonymous_6)
FN:94,(anonymous_7)
FN:97,(anonymous_8)
FN:103,(anonymous_9)
FN:119,(anonymous_10)
FN:129,(anonymous_11)
FN:135,(anonymous_12)
FN:147,(anonymous_13)
FN:200,(anonymous_14)
FN:211,(anonymous_15)
FN:223,(anonymous_16)
FN:231,(anonymous_17)
FN:246,(anonymous_18)
FN:267,(anonymous_19)
FN:281,(anonymous_20)
FN:343,createSelection
FN:359,focusElement
FN:366,(anonymous_23)
FN:380,(anonymous_24)
FN:388,(anonymous_25)
FN:393,(anonymous_26)
FN:402,(anonymous_27)
FN:423,(anonymous_28)
FN:431,postLink
FN:437,(anonymous_30)
FN:443,(anonymous_31)
FN:449,(anonymous_32)
FN:461,(anonymous_33)
FN:472,(anonymous_34)
FN:474,(anonymous_35)
FN:482,(anonymous_36)
FN:487,validateAgainstMinMaxTime
FN:503,(anonymous_38)
FN:541,(anonymous_39)
FN:562,(anonymous_40)
FN:567,getTimeFormattedString
FN:572,(anonymous_42)
FNF:42
FNH:38
FNDA:96,(anonymous_1)
FNDA:96,(anonymous_2)
FNDA:98,timepickerFactory
FNDA:2489,(anonymous_4)
FNDA:12,floorMinutes
FNDA:16,(anonymous_6)
FNDA:0,(anonymous_7)
FNDA:0,(anonymous_8)
FNDA:136,(anonymous_9)
FNDA:37,(anonymous_10)
FNDA:1,(anonymous_11)
FNDA:1,(anonymous_12)
FNDA:161,(anonymous_13)
FNDA:1845,(anonymous_14)
FNDA:2415,(anonymous_15)
FNDA:3,(anonymous_16)
FNDA:2,(anonymous_17)
FNDA:1,(anonymous_18)
FNDA:0,(anonymous_19)
FNDA:19,(anonymous_20)
FNDA:19,createSelection
FNDA:0,focusElement
FNDA:98,(anonymous_23)
FNDA:95,(anonymous_24)
FNDA:102,(anonymous_25)
FNDA:31,(anonymous_26)
FNDA:34,(anonymous_27)
FNDA:93,(anonymous_28)
FNDA:95,postLink
FNDA:2660,(anonymous_30)
FNDA:475,(anonymous_31)
FNDA:11,(anonymous_32)
FNDA:185,(anonymous_33)
FNDA:190,(anonymous_34)
FNDA:27,(anonymous_35)
FNDA:136,(anonymous_36)
FNDA:76,validateAgainstMinMaxTime
FNDA:54,(anonymous_38)
FNDA:95,(anonymous_39)
FNDA:133,(anonymous_40)
FNDA:228,getTimeFormattedString
FNDA:95,(anonymous_42)
DA:3,1
DA:7,96
DA:38,96
DA:40,96
DA:41,96
DA:42,96
DA:43,96
DA:46,1
DA:48,98
DA:49,98
DA:50,98
DA:51,98
DA:53,98
DA:54,98
DA:55,2489
DA:58,1
DA:60,12
DA:61,12
DA:66,98
DA:67,98
DA:68,98
DA:69,98
DA:77,98
DA:79,98
DA:86,98
DA:87,98
DA:91,98
DA:92,16
DA:94,98
DA:95,0
DA:97,98
DA:98,0
DA:103,98
DA:105,136
DA:106,111
DA:107,111
DA:113,111
DA:114,25
DA:115,22
DA:119,98
DA:121,37
DA:122,37
DA:123,37
DA:124,14
DA:125,6
DA:126,37
DA:127,37
DA:128,37
DA:129,1
DA:130,1
DA:135,98
DA:136,1
DA:137,0
DA:139,1
DA:140,1
DA:141,1
DA:142,1
DA:147,98
DA:149,161
DA:150,161
DA:152,161
DA:153,805
DA:154,805
DA:161,161
DA:163,161
DA:164,805
DA:165,805
DA:172,161
DA:174,161
DA:175,805
DA:176,805
DA:184,161
DA:185,161
DA:186,805
DA:187,65
DA:189,740
DA:192,161
DA:193,161
DA:194,161
DA:195,161
DA:196,161
DA:197,161
DA:200,98
DA:201,1845
DA:202,1845
DA:203,615
DA:204,1230
DA:205,615
DA:206,615
DA:207,615
DA:211,98
DA:212,2415
DA:213,2415
DA:214,805
DA:215,1610
DA:216,805
DA:217,805
DA:218,805
DA:220,2415
DA:223,98
DA:224,3
DA:225,2
DA:227,1
DA:231,98
DA:232,2
DA:233,2
DA:234,2
DA:235,2
DA:236,2
DA:237,2
DA:238,0
DA:239,0
DA:240,0
DA:241,0
DA:243,2
DA:246,98
DA:247,1
DA:248,1
DA:249,1
DA:250,1
DA:253,0
DA:254,0
DA:255,0
DA:258,0
DA:259,0
DA:260,0
DA:264,1
DA:267,98
DA:269,0
DA:270,0
DA:272,0
DA:273,0
DA:274,0
DA:275,0
DA:277,0
DA:281,98
DA:282,19
DA:283,19
DA:284,19
DA:287,19
DA:288,0
DA:289,0
DA:293,19
DA:294,19
DA:296,19
DA:298,19
DA:300,19
DA:301,19
DA:302,19
DA:305,19
DA:306,7
DA:307,7
DA:311,19
DA:312,19
DA:313,19
DA:314,19
DA:315,19
DA:316,19
DA:317,19
DA:318,7
DA:320,7
DA:321,7
DA:322,12
DA:323,7
DA:325,7
DA:326,7
DA:327,5
DA:328,3
DA:330,3
DA:331,3
DA:332,2
DA:333,2
DA:334,2
DA:336,19
DA:337,19
DA:338,19
DA:343,1
DA:344,19
DA:345,19
DA:346,0
DA:347,0
DA:348,0
DA:349,0
DA:350,0
DA:351,19
DA:352,19
DA:353,0
DA:354,0
DA:355,0
DA:359,1
DA:360,0
DA:365,98
DA:366,98
DA:367,98
DA:368,0
DA:369,0
DA:370,0
DA:371,98
DA:372,0
DA:373,0
DA:374,0
DA:376,98
DA:379,98
DA:380,98
DA:381,95
DA:382,0
DA:384,95
DA:387,98
DA:388,98
DA:389,102
DA:390,102
DA:393,102
DA:394,31
DA:395,31
DA:396,31
DA:401,98
DA:402,98
DA:403,34
DA:404,31
DA:405,31
DA:406,31
DA:408,31
DA:411,98
DA:415,96
DA:416,96
DA:425,93
DA:426,93
DA:428,93
DA:434,95
DA:437,95
DA:438,2660
DA:442,95
DA:443,95
DA:444,475
DA:445,2
DA:449,95
DA:450,11
DA:451,10
DA:452,10
DA:456,95
DA:457,95
DA:458,95
DA:460,95
DA:461,95
DA:462,185
DA:466,95
DA:472,95
DA:474,190
DA:475,27
DA:476,27
DA:477,27
DA:482,95
DA:484,136
DA:487,1
DA:488,76
DA:489,74
DA:490,74
DA:491,74
DA:492,74
DA:493,74
DA:494,74
DA:496,74
DA:497,4
DA:499,70
DA:503,95
DA:505,54
DA:507,54
DA:511,3
DA:512,3
DA:514,51
DA:515,51
DA:516,2
DA:519,2
DA:521,49
DA:524,49
DA:525,5
DA:526,5
DA:528,44
DA:529,44
DA:530,1
DA:531,43
DA:532,1
DA:533,42
DA:534,1
DA:536,41
DA:541,95
DA:543,95
DA:544,95
DA:545,23
DA:546,72
DA:547,66
DA:548,6
DA:549,3
DA:550,3
DA:551,1
DA:553,2
DA:557,95
DA:558,95
DA:562,95
DA:564,133
DA:567,1
DA:568,228
DA:572,95
DA:573,95
DA:574,95
DA:575,95
LF:306
LH:268
BRDA:41,1,0,96
BRDA:41,1,1,96
BRDA:42,2,0,96
BRDA:42,2,1,0
BRDA:67,3,0,12
BRDA:67,3,1,86
BRDA:68,4,0,98
BRDA:68,4,1,98
BRDA:105,5,0,111
BRDA:105,5,1,25
BRDA:105,6,0,136
BRDA:105,6,1,111
BRDA:114,7,0,22
BRDA:114,7,1,3
BRDA:121,8,0,4
BRDA:121,8,1,33
BRDA:121,9,0,37
BRDA:121,9,1,33
BRDA:122,10,0,0
BRDA:122,10,1,37
BRDA:123,11,0,23
BRDA:123,11,1,14
BRDA:124,12,0,8
BRDA:124,12,1,6
BRDA:125,13,0,6
BRDA:125,13,1,0
BRDA:128,14,0,1
BRDA:128,14,1,36
BRDA:128,15,0,37
BRDA:128,15,1,1
BRDA:136,16,0,0
BRDA:136,16,1,1
BRDA:136,17,0,1
BRDA:136,17,1,1
BRDA:139,18,0,1
BRDA:139,18,1,1
BRDA:140,19,0,1
BRDA:140,19,1,0
BRDA:157,20,0,805
BRDA:157,20,1,615
BRDA:168,21,0,805
BRDA:168,21,1,615
BRDA:179,22,0,805
BRDA:179,22,1,615
BRDA:186,23,0,65
BRDA:186,23,1,740
BRDA:195,24,0,161
BRDA:195,24,1,38
BRDA:201,25,0,0
BRDA:201,25,1,1845
BRDA:202,26,0,615
BRDA:202,26,1,1230
BRDA:204,27,0,615
BRDA:204,27,1,615
BRDA:206,28,0,615
BRDA:206,28,1,0
BRDA:213,29,0,805
BRDA:213,29,1,1610
BRDA:215,30,0,805
BRDA:215,30,1,805
BRDA:217,31,0,805
BRDA:217,31,1,0
BRDA:220,32,0,2415
BRDA:220,32,1,2395
BRDA:224,33,0,2
BRDA:224,33,1,1
BRDA:232,34,0,2
BRDA:232,34,1,1
BRDA:236,35,0,2
BRDA:236,35,1,0
BRDA:238,36,0,0
BRDA:238,36,1,0
BRDA:240,37,0,0
BRDA:240,37,1,0
BRDA:248,38,0,1
BRDA:248,38,1,0
BRDA:253,39,0,0
BRDA:253,39,1,0
BRDA:258,40,0,0
BRDA:258,40,1,0
BRDA:269,41,0,0
BRDA:269,41,1,0
BRDA:272,42,0,0
BRDA:272,42,1,0
BRDA:274,43,0,0
BRDA:274,43,1,0
BRDA:282,44,0,0
BRDA:282,44,1,19
BRDA:282,45,0,19
BRDA:282,45,1,19
BRDA:282,45,2,19
BRDA:287,46,0,0
BRDA:287,46,1,19
BRDA:305,47,0,7
BRDA:305,47,1,12
BRDA:306,48,0,0
BRDA:306,48,1,7
BRDA:306,49,0,0
BRDA:306,49,1,0
BRDA:307,50,0,7
BRDA:307,50,1,0
BRDA:307,51,0,6
BRDA:307,51,1,1
BRDA:313,52,0,6
BRDA:313,52,1,13
BRDA:314,53,0,6
BRDA:314,53,1,13
BRDA:315,54,0,19
BRDA:315,54,1,5
BRDA:316,55,0,19
BRDA:316,55,1,5
BRDA:316,55,2,17
BRDA:316,55,3,0
BRDA:317,56,0,7
BRDA:317,56,1,12
BRDA:322,57,0,7
BRDA:322,57,1,5
BRDA:327,58,0,3
BRDA:327,58,1,2
BRDA:332,59,0,2
BRDA:332,59,1,0
BRDA:333,60,0,1
BRDA:333,60,1,1
BRDA:345,61,0,0
BRDA:345,61,1,19
BRDA:351,62,0,19
BRDA:351,62,1,0
BRDA:353,63,0,0
BRDA:353,63,1,0
BRDA:367,64,0,0
BRDA:367,64,1,98
BRDA:367,65,0,98
BRDA:367,65,1,0
BRDA:371,66,0,0
BRDA:371,66,1,98
BRDA:381,67,0,0
BRDA:381,67,1,95
BRDA:381,68,0,95
BRDA:381,68,1,0
BRDA:389,69,0,0
BRDA:389,69,1,102
BRDA:389,70,0,102
BRDA:389,70,1,102
BRDA:389,70,2,102
BRDA:394,71,0,31
BRDA:394,71,1,29
BRDA:394,72,0,0
BRDA:394,72,1,29
BRDA:395,73,0,31
BRDA:395,73,1,0
BRDA:396,74,0,31
BRDA:396,74,1,31
BRDA:403,75,0,3
BRDA:403,75,1,31
BRDA:404,76,0,31
BRDA:404,76,1,31
BRDA:404,77,0,0
BRDA:404,77,1,31
BRDA:405,78,0,31
BRDA:405,78,1,0
BRDA:406,79,0,31
BRDA:406,79,1,31
BRDA:438,80,0,92
BRDA:438,80,1,2568
BRDA:444,81,0,2
BRDA:444,81,1,473
BRDA:444,82,0,475
BRDA:444,82,1,17
BRDA:449,83,0,95
BRDA:449,83,1,6
BRDA:450,84,0,1
BRDA:450,84,1,10
BRDA:450,85,0,11
BRDA:450,85,1,11
BRDA:451,86,0,4
BRDA:451,86,1,6
BRDA:452,87,0,5
BRDA:452,87,1,5
BRDA:456,88,0,0
BRDA:456,88,1,95
BRDA:456,89,0,95
BRDA:456,89,1,0
BRDA:456,89,2,0
BRDA:474,90,0,190
BRDA:474,90,1,16
BRDA:476,91,0,27
BRDA:476,91,1,27
BRDA:488,92,0,2
BRDA:488,92,1,74
BRDA:489,93,0,74
BRDA:489,93,1,74
BRDA:490,94,0,74
BRDA:490,94,1,74
BRDA:491,95,0,74
BRDA:491,95,1,72
BRDA:496,96,0,4
BRDA:496,96,1,70
BRDA:507,97,0,3
BRDA:507,97,1,51
BRDA:514,98,0,38
BRDA:514,98,1,13
BRDA:515,99,0,2
BRDA:515,99,1,49
BRDA:515,100,0,51
BRDA:515,100,1,49
BRDA:524,101,0,5
BRDA:524,101,1,44
BRDA:526,102,0,5
BRDA:526,102,1,3
BRDA:529,103,0,1
BRDA:529,103,1,43
BRDA:531,104,0,1
BRDA:531,104,1,42
BRDA:533,105,0,1
BRDA:533,105,1,41
BRDA:544,106,0,23
BRDA:544,106,1,72
BRDA:544,107,0,95
BRDA:544,107,1,74
BRDA:546,108,0,66
BRDA:546,108,1,6
BRDA:548,109,0,3
BRDA:548,109,1,3
BRDA:550,110,0,1
BRDA:550,110,1,2
BRDA:568,111,0,48
BRDA:568,111,1,180
BRDA:568,112,0,228
BRDA:568,112,1,180
BRDA:573,113,0,95
BRDA:573,113,1,0
BRF:231
BRH:181
end_of_record
TN:
SF:/Users/olivier/Projects/angular-strap/src/tooltip/tooltip.js
FN:5,(anonymous_1)
FN:33,(anonymous_2)
FN:40,TooltipFactory
FN:66,(anonymous_4)
FN:67,(anonymous_5)
FN:71,(anonymous_6)
FN:72,(anonymous_7)
FN:76,(anonymous_8)
FN:77,(anonymous_9)
FN:81,(anonymous_10)
FN:82,(anonymous_11)
FN:94,(anonymous_12)
FN:99,(anonymous_13)
FN:133,(anonymous_14)
FN:140,(anonymous_15)
FN:153,(anonymous_16)
FN:161,(anonymous_17)
FN:167,(anonymous_18)
FN:189,(anonymous_19)
FN:223,(anonymous_20)
FN:242,enterAnimateCallback
FN:246,(anonymous_22)
FN:253,(anonymous_23)
FN:263,(anonymous_24)
FN:296,leaveAnimateCallback
FN:312,(anonymous_26)
FN:316,(anonymous_27)
FN:320,(anonymous_28)
FN:324,(anonymous_29)
FN:330,(anonymous_30)
FN:388,(anonymous_31)
FN:395,(anonymous_32)
FN:402,(anonymous_33)
FN:410,bindTriggerEvents
FN:412,(anonymous_35)
FN:423,unbindTriggerEvents
FN:437,bindKeyboardEvents
FN:445,unbindKeyboardEvents
FN:454,bindAutoCloseEvents
FN:457,(anonymous_40)
FN:468,unbindAutoCloseEvents
FN:476,stopEventPropagation
FN:482,getPosition
FN:509,getCalculatedOffset
FN:566,applyPlacement
FN:585,(anonymous_46)
FN:626,getViewportAdjustedDelta
FN:654,replaceArrow
FN:661,destroyTipElement
FN:692,safeDigest
FN:696,findElement
FN:701,fetchTemplate
FN:703,(anonymous_53)
FN:714,(anonymous_54)
FN:719,postLink
FN:723,(anonymous_56)
FN:729,(anonymous_57)
FN:750,(anonymous_58)
FN:754,(anonymous_59)
FN:761,(anonymous_60)
FN:767,(anonymous_61)
FN:773,(anonymous_62)
FN:780,(anonymous_63)
FN:788,(anonymous_64)
FN:797,(anonymous_65)
FNF:65
FNH:59
FNDA:463,(anonymous_1)
FNDA:463,(anonymous_2)
FNDA:977,TooltipFactory
FNDA:0,(anonymous_4)
FNDA:0,(anonymous_5)
FNDA:2,(anonymous_6)
FNDA:2,(anonymous_7)
FNDA:3,(anonymous_8)
FNDA:3,(anonymous_9)
FNDA:2,(anonymous_10)
FNDA:2,(anonymous_11)
FNDA:971,(anonymous_12)
FNDA:971,(anonymous_13)
FNDA:1,(anonymous_14)
FNDA:941,(anonymous_15)
FNDA:965,(anonymous_16)
FNDA:2,(anonymous_17)
FNDA:1015,(anonymous_18)
FNDA:1008,(anonymous_19)
FNDA:155,(anonymous_20)
FNDA:130,enterAnimateCallback
FNDA:125,(anonymous_22)
FNDA:0,(anonymous_23)
FNDA:170,(anonymous_24)
FNDA:100,leaveAnimateCallback
FNDA:104,(anonymous_26)
FNDA:34,(anonymous_27)
FNDA:11,(anonymous_28)
FNDA:535,(anonymous_29)
FNDA:1041,(anonymous_30)
FNDA:2,(anonymous_31)
FNDA:1,(anonymous_32)
FNDA:0,(anonymous_33)
FNDA:971,bindTriggerEvents
FNDA:1562,(anonymous_35)
FNDA:941,unbindTriggerEvents
FNDA:105,bindKeyboardEvents
FNDA:393,unbindKeyboardEvents
FNDA:4,bindAutoCloseEvents
FNDA:4,(anonymous_40)
FNDA:4,unbindAutoCloseEvents
FNDA:1,stopEventPropagation
FNDA:1493,getPosition
FNDA:1037,getCalculatedOffset
FNDA:1037,applyPlacement
FNDA:1036,(anonymous_46)
FNDA:458,getViewportAdjustedDelta
FNDA:458,replaceArrow
FNDA:1061,destroyTipElement
FNDA:2174,safeDigest
FNDA:1106,findElement
FNDA:0,fetchTemplate
FNDA:0,(anonymous_53)
FNDA:75,(anonymous_54)
FNDA:582,postLink
FNDA:8730,(anonymous_56)
FNDA:1164,(anonymous_57)
FNDA:34,(anonymous_58)
FNDA:14,(anonymous_59)
FNDA:547,(anonymous_60)
FNDA:13,(anonymous_61)
FNDA:11,(anonymous_62)
FNDA:12,(anonymous_63)
FNDA:535,(anonymous_64)
FNDA:582,(anonymous_65)
DA:3,1
DA:7,463
DA:33,463
DA:35,463
DA:36,463
DA:37,463
DA:38,463
DA:40,1
DA:42,977
DA:45,977
DA:46,977
DA:47,977
DA:49,977
DA:50,977
DA:51,2
DA:52,2
DA:58,977
DA:61,977
DA:62,17
DA:66,977
DA:67,0
DA:68,0
DA:71,977
DA:72,2
DA:73,2
DA:76,977
DA:77,3
DA:78,3
DA:81,977
DA:82,2
DA:83,2
DA:87,977
DA:90,977
DA:93,977
DA:94,977
DA:95,971
DA:96,971
DA:99,977
DA:102,971
DA:103,1
DA:115,971
DA:116,0
DA:117,971
DA:118,2
DA:119,969
DA:120,7
DA:124,971
DA:127,971
DA:128,0
DA:132,971
DA:133,1
DA:134,1
DA:140,977
DA:143,941
DA:146,941
DA:149,941
DA:153,977
DA:155,965
DA:156,965
DA:157,965
DA:158,963
DA:161,2
DA:162,2
DA:167,977
DA:168,1015
DA:170,1008
DA:171,1008
DA:172,1008
DA:173,9
DA:174,9
DA:175,0
DA:177,9
DA:180,999
DA:181,999
DA:186,1008
DA:188,1008
DA:189,1008
DA:193,1008
DA:196,1008
DA:198,1008
DA:200,1008
DA:205,1008
DA:207,1008
DA:208,1008
DA:211,1008
DA:216,1008
DA:217,0
DA:219,1008
DA:221,1008
DA:223,1008
DA:225,155
DA:228,155
DA:229,105
DA:230,34
DA:232,105
DA:236,1008
DA:237,4
DA:242,1
DA:243,130
DA:246,977
DA:248,125
DA:249,125
DA:250,125
DA:251,125
DA:253,0
DA:254,0
DA:255,0
DA:261,977
DA:262,977
DA:263,977
DA:265,170
DA:266,158
DA:269,158
DA:273,158
DA:277,158
DA:278,0
DA:280,158
DA:283,158
DA:284,158
DA:287,158
DA:288,121
DA:291,158
DA:292,3
DA:296,1
DA:297,100
DA:301,100
DA:303,100
DA:304,2
DA:308,98
DA:312,977
DA:313,104
DA:316,977
DA:317,34
DA:320,977
DA:321,11
DA:324,977
DA:325,535
DA:330,977
DA:331,1041
DA:334,1037
DA:338,1037
DA:339,198
DA:344,1037
DA:348,1037
DA:353,1037
DA:356,1037
DA:357,198
DA:358,198
DA:361,198
DA:362,72
DA:363,126
DA:364,75
DA:370,198
DA:373,74
DA:374,124
DA:377,72
DA:380,198
DA:384,1037
DA:385,1037
DA:388,977
DA:389,2
DA:390,1
DA:391,1
DA:395,977
DA:396,1
DA:397,1
DA:398,1
DA:402,977
DA:403,0
DA:404,0
DA:406,0
DA:410,1
DA:411,971
DA:412,971
DA:413,1562
DA:414,71
DA:415,1491
DA:416,1490
DA:417,1490
DA:418,1490
DA:423,1
DA:424,941
DA:425,941
DA:426,1523
DA:427,1523
DA:428,63
DA:429,1460
DA:430,1460
DA:431,1460
DA:432,1460
DA:437,1
DA:438,105
DA:439,34
DA:441,71
DA:445,1
DA:446,393
DA:447,89
DA:449,304
DA:453,977
DA:454,1
DA:457,4
DA:459,4
DA:462,4
DA:464,4
DA:468,1
DA:469,4
DA:470,4
DA:471,4
DA:472,4
DA:476,1
DA:477,1
DA:482,1
DA:483,1493
DA:485,1493
DA:488,1493
DA:489,1493
DA:493,1493
DA:495,8958
DA:498,1493
DA:500,0
DA:502,1493
DA:506,1493
DA:509,1
DA:510,1037
DA:511,1037
DA:513,1037
DA:515,132
DA:519,132
DA:521,565
DA:525,565
DA:527,72
DA:531,72
DA:533,268
DA:537,268
DA:540,1037
DA:541,458
DA:545,579
DA:546,579
DA:548,448
DA:549,448
DA:551,131
DA:553,0
DA:554,0
DA:556,0
DA:557,0
DA:559,0
DA:563,579
DA:566,1
DA:567,1037
DA:572,1037
DA:576,1037
DA:577,1037
DA:579,1037
DA:580,1037
DA:584,1037
DA:586,1036
DA:595,1037
DA:598,1037
DA:599,0
DA:604,1037
DA:606,458
DA:608,458
DA:609,134
DA:611,324
DA:614,458
DA:616,458
DA:617,458
DA:621,458
DA:626,1
DA:627,458
DA:628,458
DA:630,258
DA:631,258
DA:633,258
DA:634,108
DA:635,108
DA:636,108
DA:637,54
DA:638,54
DA:639,24
DA:642,150
DA:643,150
DA:644,150
DA:645,110
DA:646,40
DA:647,24
DA:651,258
DA:654,1
DA:655,458
DA:657,458
DA:661,1
DA:663,1061
DA:665,1061
DA:666,841
DA:667,1
DA:670,841
DA:671,272
DA:675,1061
DA:676,996
DA:677,996
DA:680,1061
DA:681,996
DA:682,996
DA:686,977
DA:692,1
DA:693,2174
DA:696,1
DA:697,1106
DA:700,463
DA:701,1
DA:702,0
DA:703,0
DA:704,0
DA:708,463
DA:716,75
DA:722,582
DA:723,582
DA:724,8730
DA:728,582
DA:729,582
DA:730,1164
DA:731,2
DA:735,582
DA:736,582
DA:737,0
DA:738,0
DA:740,0
DA:745,582
DA:746,582
DA:750,582
DA:751,34
DA:752,34
DA:753,34
DA:754,34
DA:755,14
DA:761,582
DA:762,547
DA:763,545
DA:765,2
DA:767,547
DA:768,13
DA:773,582
DA:774,11
DA:775,10
DA:776,10
DA:780,582
DA:782,12
DA:783,11
DA:784,11
DA:788,582
DA:789,535
DA:790,535
DA:794,582
DA:797,582
DA:798,582
DA:799,582
DA:800,582
LF:357
LH:331
BRDA:47,1,0,977
BRDA:47,1,1,949
BRDA:47,1,2,28
BRDA:50,2,0,2
BRDA:50,2,1,975
BRDA:50,3,0,977
BRDA:50,3,1,2
BRDA:52,4,0,1
BRDA:52,4,1,1
BRDA:58,5,0,977
BRDA:58,5,1,969
BRDA:58,5,2,937
BRDA:61,6,0,17
BRDA:61,6,1,960
BRDA:102,7,0,1
BRDA:102,7,1,970
BRDA:102,8,0,971
BRDA:102,8,1,2
BRDA:115,9,0,0
BRDA:115,9,1,971
BRDA:117,10,0,2
BRDA:117,10,1,969
BRDA:119,11,0,7
BRDA:119,11,1,962
BRDA:127,12,0,0
BRDA:127,12,1,971
BRDA:128,13,0,0
BRDA:128,13,1,0
BRDA:132,14,0,1
BRDA:132,14,1,970
BRDA:134,15,0,0
BRDA:134,15,1,1
BRDA:157,16,0,963
BRDA:157,16,1,2
BRDA:157,17,0,965
BRDA:157,17,1,2
BRDA:162,18,0,2
BRDA:162,18,1,0
BRDA:168,19,0,7
BRDA:168,19,1,1008
BRDA:168,20,0,1015
BRDA:168,20,1,1011
BRDA:172,21,0,9
BRDA:172,21,1,999
BRDA:174,22,0,0
BRDA:174,22,1,9
BRDA:186,23,0,22
BRDA:186,23,1,986
BRDA:196,24,0,1008
BRDA:196,24,1,0
BRDA:198,25,0,1
BRDA:198,25,1,1007
BRDA:200,26,0,0
BRDA:200,26,1,1008
BRDA:205,27,0,999
BRDA:205,27,1,9
BRDA:216,28,0,0
BRDA:216,28,1,1008
BRDA:225,29,0,155
BRDA:225,29,1,0
BRDA:228,30,0,105
BRDA:228,30,1,50
BRDA:229,31,0,34
BRDA:229,31,1,71
BRDA:236,32,0,4
BRDA:236,32,1,1004
BRDA:250,33,0,125
BRDA:250,33,1,0
BRDA:250,34,0,125
BRDA:250,34,1,0
BRDA:254,35,0,0
BRDA:254,35,1,0
BRDA:265,36,0,12
BRDA:265,36,1,158
BRDA:277,37,0,0
BRDA:277,37,1,158
BRDA:287,38,0,121
BRDA:287,38,1,37
BRDA:287,39,0,158
BRDA:287,39,1,121
BRDA:291,40,0,3
BRDA:291,40,1,155
BRDA:291,41,0,158
BRDA:291,41,1,3
BRDA:301,42,0,100
BRDA:301,42,1,0
BRDA:303,43,0,2
BRDA:303,43,1,98
BRDA:303,44,0,100
BRDA:303,44,1,2
BRDA:313,45,0,31
BRDA:313,45,1,73
BRDA:331,46,0,4
BRDA:331,46,1,1037
BRDA:338,47,0,198
BRDA:338,47,1,839
BRDA:339,48,0,198
BRDA:339,48,1,2
BRDA:353,49,0,1037
BRDA:353,49,1,641
BRDA:353,50,0,641
BRDA:353,50,1,96
BRDA:356,51,0,198
BRDA:356,51,1,839
BRDA:361,52,0,72
BRDA:361,52,1,126
BRDA:361,53,0,198
BRDA:361,53,1,72
BRDA:363,54,0,75
BRDA:363,54,1,51
BRDA:363,55,0,126
BRDA:363,55,1,78
BRDA:370,56,0,74
BRDA:370,56,1,124
BRDA:370,57,0,198
BRDA:370,57,1,174
BRDA:370,57,2,150
BRDA:370,57,3,74
BRDA:373,58,0,24
BRDA:373,58,1,50
BRDA:374,59,0,72
BRDA:374,59,1,52
BRDA:374,60,0,124
BRDA:374,60,1,100
BRDA:374,60,2,76
BRDA:374,60,3,72
BRDA:377,61,0,24
BRDA:377,61,1,48
BRDA:389,62,0,1
BRDA:389,62,1,1
BRDA:389,63,0,2
BRDA:389,63,1,2
BRDA:396,64,0,1
BRDA:396,64,1,0
BRDA:406,65,0,0
BRDA:406,65,1,0
BRDA:413,66,0,71
BRDA:413,66,1,1491
BRDA:415,67,0,1490
BRDA:415,67,1,1
BRDA:416,68,0,597
BRDA:416,68,1,893
BRDA:417,69,0,597
BRDA:417,69,1,893
BRDA:418,70,0,1490
BRDA:418,70,1,47
BRDA:418,70,2,45
BRDA:418,71,0,45
BRDA:418,71,1,0
BRDA:427,72,0,63
BRDA:427,72,1,1460
BRDA:429,73,0,1460
BRDA:429,73,1,0
BRDA:430,74,0,588
BRDA:430,74,1,872
BRDA:431,75,0,588
BRDA:431,75,1,872
BRDA:432,76,0,1460
BRDA:432,76,1,47
BRDA:432,76,2,45
BRDA:432,77,0,45
BRDA:432,77,1,0
BRDA:438,78,0,34
BRDA:438,78,1,71
BRDA:446,79,0,89
BRDA:446,79,1,304
BRDA:469,80,0,4
BRDA:469,80,1,0
BRDA:483,81,0,1493
BRDA:483,81,1,1235
BRDA:483,81,2,1235
BRDA:498,82,0,0
BRDA:498,82,1,1493
BRDA:502,83,0,138
BRDA:502,83,1,1355
BRDA:503,84,0,138
BRDA:503,84,1,1355
BRDA:503,85,0,138
BRDA:503,85,1,138
BRDA:503,86,0,1355
BRDA:503,86,1,1355
BRDA:504,87,0,138
BRDA:504,87,1,1355
BRDA:513,88,0,132
BRDA:513,88,1,565
BRDA:513,88,2,72
BRDA:513,88,3,268
BRDA:540,89,0,458
BRDA:540,89,1,579
BRDA:545,90,0,579
BRDA:545,90,1,0
BRDA:545,91,0,579
BRDA:545,91,1,482
BRDA:546,92,0,448
BRDA:546,92,1,131
BRDA:553,93,0,0
BRDA:553,93,1,0
BRDA:553,94,0,0
BRDA:553,94,1,0
BRDA:554,95,0,0
BRDA:554,95,1,0
BRDA:576,96,0,2
BRDA:576,96,1,1035
BRDA:577,97,0,2
BRDA:577,97,1,1035
BRDA:598,98,0,0
BRDA:598,98,1,1037
BRDA:598,99,0,1037
BRDA:598,99,1,171
BRDA:604,100,0,579
BRDA:604,100,1,458
BRDA:608,101,0,134
BRDA:608,101,1,324
BRDA:616,102,0,458
BRDA:616,102,1,0
BRDA:618,103,0,254
BRDA:618,103,1,204
BRDA:619,104,0,254
BRDA:619,104,1,204
BRDA:628,105,0,200
BRDA:628,105,1,258
BRDA:630,106,0,258
BRDA:630,106,1,258
BRDA:630,106,2,234
BRDA:633,107,0,108
BRDA:633,107,1,150
BRDA:636,108,0,54
BRDA:636,108,1,54
BRDA:638,109,0,24
BRDA:638,109,1,30
BRDA:644,110,0,110
BRDA:644,110,1,40
BRDA:646,111,0,24
BRDA:646,111,1,16
BRDA:657,112,0,254
BRDA:657,112,1,204
BRDA:658,113,0,254
BRDA:658,113,1,204
BRDA:665,114,0,841
BRDA:665,114,1,220
BRDA:665,115,0,1061
BRDA:665,115,1,841
BRDA:666,116,0,1
BRDA:666,116,1,840
BRDA:670,117,0,272
BRDA:670,117,1,569
BRDA:675,118,0,996
BRDA:675,118,1,65
BRDA:680,119,0,996
BRDA:680,119,1,65
BRDA:693,120,0,2174
BRDA:693,120,1,2106
BRDA:693,120,2,2106
BRDA:693,120,3,2104
BRDA:697,121,0,1106
BRDA:697,121,1,648
BRDA:702,122,0,0
BRDA:702,122,1,0
BRDA:724,123,0,553
BRDA:724,123,1,8177
BRDA:730,124,0,2
BRDA:730,124,1,1162
BRDA:730,125,0,1164
BRDA:730,125,1,4
BRDA:736,126,0,0
BRDA:736,126,1,582
BRDA:737,127,0,0
BRDA:737,127,1,0
BRDA:745,128,0,582
BRDA:745,128,1,0
BRDA:751,129,0,34
BRDA:751,129,1,0
BRDA:751,130,0,34
BRDA:751,130,1,0
BRDA:754,131,0,34
BRDA:754,131,1,34
BRDA:755,132,0,14
BRDA:755,132,1,14
BRDA:761,133,0,582
BRDA:761,133,1,547
BRDA:762,134,0,545
BRDA:762,134,1,2
BRDA:767,135,0,547
BRDA:767,135,1,547
BRDA:768,136,0,13
BRDA:768,136,1,13
BRDA:773,137,0,582
BRDA:773,137,1,6
BRDA:774,138,0,1
BRDA:774,138,1,10
BRDA:774,139,0,11
BRDA:774,139,1,11
BRDA:775,140,0,4
BRDA:775,140,1,6
BRDA:776,141,0,5
BRDA:776,141,1,5
BRDA:780,142,0,582
BRDA:780,142,1,7
BRDA:782,143,0,1
BRDA:782,143,1,11
BRDA:782,144,0,12
BRDA:782,144,1,12
BRDA:783,145,0,5
BRDA:783,145,1,6
BRDA:784,146,0,5
BRDA:784,146,1,6
BRDA:788,147,0,582
BRDA:788,147,1,535
BRDA:789,148,0,0
BRDA:789,148,1,535
BRDA:789,149,0,535
BRDA:789,149,1,535
BRDA:798,150,0,582
BRDA:798,150,1,0
BRF:314
BRH:270
end_of_record
TN:
SF:/Users/olivier/Projects/angular-strap/src/typeahead/typeahead.js
FN:5,(anonymous_1)
FN:26,(anonymous_2)
FN:30,TypeaheadFactory
FN:41,(anonymous_4)
FN:47,(anonymous_5)
FN:48,(anonymous_6)
FN:53,(anonymous_7)
FN:54,(anonymous_8)
FN:59,(anonymous_9)
FN:65,(anonymous_10)
FN:77,(anonymous_11)
FN:81,(anonymous_12)
FN:95,(anonymous_13)
FN:103,(anonymous_14)
FN:114,(anonymous_15)
FN:120,(anonymous_16)
FN:144,(anonymous_17)
FN:148,(anonymous_18)
FN:157,(anonymous_19)
FN:173,safeDigest
FN:184,(anonymous_21)
FN:185,(anonymous_22)
FN:187,(anonymous_23)
FN:196,(anonymous_24)
FN:203,postLink
FN:209,(anonymous_26)
FN:215,(anonymous_27)
FN:240,(anonymous_28)
FN:242,(anonymous_29)
FN:250,(anonymous_30)
FN:254,(anonymous_31)
FN:269,(anonymous_32)
FN:287,(anonymous_33)
FN:300,(anonymous_34)
FNF:34
FNH:30
FNDA:48,(anonymous_1)
FNDA:48,(anonymous_2)
FNDA:50,TypeaheadFactory
FNDA:62,(anonymous_4)
FNDA:0,(anonymous_5)
FNDA:0,(anonymous_6)
FNDA:11,(anonymous_7)
FNDA:11,(anonymous_8)
FNDA:221,(anonymous_9)
FNDA:72,(anonymous_10)
FNDA:6,(anonymous_11)
FNDA:12,(anonymous_12)
FNDA:221,(anonymous_13)
FNDA:37,(anonymous_14)
FNDA:0,(anonymous_15)
FNDA:0,(anonymous_16)
FNDA:39,(anonymous_17)
FNDA:2,(anonymous_18)
FNDA:6,(anonymous_19)
FNDA:72,safeDigest
FNDA:43,(anonymous_21)
FNDA:67,(anonymous_22)
FNDA:2,(anonymous_23)
FNDA:43,(anonymous_24)
FNDA:45,postLink
FNDA:945,(anonymous_26)
FNDA:135,(anonymous_27)
FNDA:2,(anonymous_28)
FNDA:2,(anonymous_29)
FNDA:65,(anonymous_30)
FNDA:65,(anonymous_31)
FNDA:46,(anonymous_32)
FNDA:124,(anonymous_33)
FNDA:45,(anonymous_34)
DA:3,1
DA:7,48
DA:26,48
DA:28,48
DA:30,1
DA:32,50
DA:35,50
DA:37,50
DA:38,50
DA:39,50
DA:41,50
DA:42,62
DA:43,62
DA:45,50
DA:47,50
DA:48,0
DA:49,0
DA:53,50
DA:54,11
DA:55,11
DA:59,50
DA:60,221
DA:65,50
DA:66,72
DA:67,72
DA:68,0
DA:73,72
DA:74,72
DA:77,50
DA:78,6
DA:81,50
DA:82,12
DA:83,12
DA:85,12
DA:86,12
DA:87,12
DA:88,12
DA:90,12
DA:95,50
DA:96,221
DA:97,0
DA:100,221
DA:103,50
DA:104,37
DA:106,37
DA:107,34
DA:108,40
DA:110,34
DA:111,25
DA:114,50
DA:116,0
DA:117,0
DA:120,50
DA:121,0
DA:124,0
DA:125,0
DA:126,0
DA:130,0
DA:131,0
DA:135,0
DA:136,0
DA:137,0
DA:138,0
DA:143,50
DA:144,50
DA:145,39
DA:148,39
DA:149,2
DA:150,2
DA:151,2
DA:156,50
DA:157,50
DA:158,6
DA:159,6
DA:160,6
DA:162,6
DA:163,6
DA:164,6
DA:167,50
DA:173,1
DA:174,72
DA:177,48
DA:178,48
DA:185,43
DA:186,67
DA:187,2
DA:188,2
DA:191,65
DA:198,43
DA:200,43
DA:206,45
DA:209,45
DA:210,945
DA:214,45
DA:215,45
DA:216,135
DA:220,45
DA:223,45
DA:224,45
DA:225,45
DA:227,45
DA:228,45
DA:229,45
DA:230,45
DA:231,45
DA:234,45
DA:237,45
DA:239,1
DA:240,1
DA:242,2
DA:243,2
DA:244,2
DA:250,45
DA:252,65
DA:253,65
DA:257,65
DA:258,0
DA:259,0
DA:261,65
DA:262,65
DA:264,65
DA:269,45
DA:271,46
DA:274,46
DA:275,2
DA:280,44
DA:281,2
DA:283,42
DA:287,45
DA:289,124
DA:290,87
DA:292,37
DA:293,37
DA:294,37
DA:295,37
DA:296,37
DA:300,45
DA:301,45
DA:302,45
DA:303,45
LF:140
LH:122
BRDA:43,1,0,1
BRDA:43,1,1,61
BRDA:67,2,0,0
BRDA:67,2,1,72
BRDA:68,3,0,0
BRDA:68,3,1,0
BRDA:82,4,0,0
BRDA:82,4,1,12
BRDA:88,5,0,11
BRDA:88,5,1,1
BRDA:96,6,0,0
BRDA:96,6,1,221
BRDA:96,7,0,221
BRDA:96,7,1,221
BRDA:100,8,0,221
BRDA:100,8,1,189
BRDA:100,8,2,175
BRDA:106,9,0,3
BRDA:106,9,1,34
BRDA:108,10,0,25
BRDA:108,10,1,15
BRDA:110,11,0,9
BRDA:110,11,1,25
BRDA:121,12,0,0
BRDA:121,12,1,0
BRDA:124,13,0,0
BRDA:124,13,1,0
BRDA:124,14,0,0
BRDA:124,14,1,0
BRDA:124,15,0,0
BRDA:124,15,1,0
BRDA:130,16,0,0
BRDA:130,16,1,0
BRDA:130,17,0,0
BRDA:130,17,1,0
BRDA:135,18,0,0
BRDA:135,18,1,0
BRDA:135,19,0,0
BRDA:135,19,1,0
BRDA:136,20,0,0
BRDA:136,20,1,0
BRDA:136,21,0,0
BRDA:136,21,1,0
BRDA:137,22,0,0
BRDA:137,22,1,0
BRDA:149,23,0,2
BRDA:149,23,1,1
BRDA:150,24,0,2
BRDA:150,24,1,0
BRDA:151,25,0,2
BRDA:151,25,1,2
BRDA:158,26,0,6
BRDA:158,26,1,6
BRDA:159,27,0,6
BRDA:159,27,1,0
BRDA:160,28,0,6
BRDA:160,28,1,6
BRDA:162,29,0,6
BRDA:162,29,1,0
BRDA:174,30,0,72
BRDA:174,30,1,5
BRDA:174,30,2,5
BRDA:174,30,3,5
BRDA:186,31,0,2
BRDA:186,31,1,65
BRDA:186,32,0,67
BRDA:186,32,1,67
BRDA:210,33,0,26
BRDA:210,33,1,919
BRDA:216,34,0,4
BRDA:216,34,1,131
BRDA:216,35,0,135
BRDA:216,35,1,11
BRDA:220,36,0,44
BRDA:220,36,1,1
BRDA:223,37,0,45
BRDA:223,37,1,45
BRDA:224,38,0,45
BRDA:224,38,1,45
BRDA:225,39,0,45
BRDA:225,39,1,44
BRDA:228,40,0,45
BRDA:228,40,1,0
BRDA:229,41,0,1
BRDA:229,41,1,44
BRDA:230,42,0,45
BRDA:230,42,1,0
BRDA:237,43,0,1
BRDA:237,43,1,44
BRDA:257,44,0,0
BRDA:257,44,1,65
BRDA:257,45,0,65
BRDA:257,45,1,0
BRDA:257,45,2,0
BRDA:261,46,0,1
BRDA:261,46,1,64
BRDA:274,47,0,2
BRDA:274,47,1,44
BRDA:280,48,0,2
BRDA:280,48,1,42
BRDA:280,49,0,44
BRDA:280,49,1,5
BRDA:289,50,0,87
BRDA:289,50,1,37
BRDA:293,51,0,25
BRDA:293,51,1,12
BRDA:294,52,0,2
BRDA:294,52,1,35
BRDA:295,53,0,37
BRDA:295,53,1,0
BRDA:296,54,0,2
BRDA:296,54,1,35
BRDA:301,55,0,45
BRDA:301,55,1,0
BRF:114
BRH:77
end_of_record
